{"/Users/zavanton/Desktop/revisor-obsidian-plugin/src/frontmatter.ts": {"path":"/Users/zavanton/Desktop/revisor-obsidian-plugin/src/frontmatter.ts","statementMap":{"0":{"start":{"line":38,"column":20},"end":{"line":38,"column":32}},"1":{"start":{"line":42,"column":21},"end":{"line":42,"column":36}},"2":{"start":{"line":44,"column":21},"end":{"line":44,"column":44}},"3":{"start":{"line":46,"column":2},"end":{"line":48,"column":null}},"4":{"start":{"line":47,"column":4},"end":{"line":47,"column":16}},"5":{"start":{"line":51,"column":30},"end":{"line":51,"column":31}},"6":{"start":{"line":52,"column":2},"end":{"line":54,"column":null}},"7":{"start":{"line":53,"column":4},"end":{"line":53,"column":30}},"8":{"start":{"line":57,"column":2},"end":{"line":57,"column":47}},"9":{"start":{"line":58,"column":22},"end":{"line":58,"column":46}},"10":{"start":{"line":59,"column":2},"end":{"line":61,"column":null}},"11":{"start":{"line":60,"column":4},"end":{"line":60,"column":16}},"12":{"start":{"line":63,"column":21},"end":{"line":63,"column":66}},"13":{"start":{"line":64,"column":21},"end":{"line":64,"column":81}},"14":{"start":{"line":65,"column":2},"end":{"line":65,"column":34}},"15":{"start":{"line":32,"column":0},"end":{"line":32,"column":16}},"16":{"start":{"line":76,"column":21},"end":{"line":76,"column":72}},"17":{"start":{"line":79,"column":2},"end":{"line":81,"column":null}},"18":{"start":{"line":80,"column":4},"end":{"line":80,"column":28}},"19":{"start":{"line":82,"column":2},"end":{"line":84,"column":null}},"20":{"start":{"line":83,"column":4},"end":{"line":83,"column":16}},"21":{"start":{"line":85,"column":2},"end":{"line":85,"column":66}},"22":{"start":{"line":75,"column":0},"end":{"line":75,"column":16}},"23":{"start":{"line":97,"column":15},"end":{"line":97,"column":61}},"24":{"start":{"line":98,"column":2},"end":{"line":100,"column":null}},"25":{"start":{"line":99,"column":4},"end":{"line":99,"column":54}},"26":{"start":{"line":101,"column":17},"end":{"line":101,"column":48}},"27":{"start":{"line":102,"column":17},"end":{"line":102,"column":45}},"28":{"start":{"line":103,"column":2},"end":{"line":107,"column":null}},"29":{"start":{"line":96,"column":0},"end":{"line":96,"column":16}},"30":{"start":{"line":119,"column":22},"end":{"line":119,"column":68}},"31":{"start":{"line":120,"column":2},"end":{"line":122,"column":null}},"32":{"start":{"line":121,"column":4},"end":{"line":121,"column":23}},"33":{"start":{"line":123,"column":23},"end":{"line":123,"column":34}},"34":{"start":{"line":125,"column":4},"end":{"line":126,"column":34}},"35":{"start":{"line":127,"column":2},"end":{"line":130,"column":13}},"36":{"start":{"line":118,"column":0},"end":{"line":118,"column":16}},"37":{"start":{"line":144,"column":19},"end":{"line":144,"column":26}},"38":{"start":{"line":145,"column":15},"end":{"line":145,"column":53}},"39":{"start":{"line":146,"column":2},"end":{"line":157,"column":null}},"40":{"start":{"line":148,"column":27},"end":{"line":148,"column":39}},"41":{"start":{"line":149,"column":4},"end":{"line":152,"column":15}},"42":{"start":{"line":153,"column":4},"end":{"line":153,"column":52}},"43":{"start":{"line":154,"column":4},"end":{"line":156,"column":null}},"44":{"start":{"line":155,"column":6},"end":{"line":155,"column":59}},"45":{"start":{"line":158,"column":20},"end":{"line":158,"column":47}},"46":{"start":{"line":159,"column":2},"end":{"line":165,"column":null}},"47":{"start":{"line":160,"column":4},"end":{"line":164,"column":null}},"48":{"start":{"line":161,"column":6},"end":{"line":161,"column":52}},"49":{"start":{"line":163,"column":6},"end":{"line":163,"column":90}},"50":{"start":{"line":166,"column":2},"end":{"line":170,"column":13}},"51":{"start":{"line":140,"column":0},"end":{"line":140,"column":16}}},"fnMap":{"0":{"name":"determineFrontmatterBounds","decl":{"start":{"line":32,"column":16},"end":{"line":32,"column":42}},"loc":{"start":{"line":34,"column":27},"end":{"line":66,"column":1}}},"1":{"name":"determineInlineFieldBounds","decl":{"start":{"line":75,"column":16},"end":{"line":75,"column":42}},"loc":{"start":{"line":75,"column":77},"end":{"line":86,"column":1}}},"2":{"name":"replaceOrInsertField","decl":{"start":{"line":96,"column":16},"end":{"line":96,"column":36}},"loc":{"start":{"line":96,"column":86},"end":{"line":108,"column":1}}},"3":{"name":"removeField","decl":{"start":{"line":118,"column":16},"end":{"line":118,"column":27}},"loc":{"start":{"line":118,"column":62},"end":{"line":131,"column":1}}},"4":{"name":"updateRepetitionMetadata","decl":{"start":{"line":140,"column":16},"end":{"line":140,"column":40}},"loc":{"start":{"line":142,"column":30},"end":{"line":171,"column":1}}}},"branchMap":{"0":{"loc":{"start":{"line":34,"column":2},"end":{"line":34,"column":27}},"type":"default-arg","locations":[{"start":{"line":34,"column":22},"end":{"line":34,"column":27}}]},"1":{"loc":{"start":{"line":46,"column":2},"end":{"line":48,"column":null}},"type":"if","locations":[{"start":{"line":46,"column":2},"end":{"line":48,"column":null}}]},"2":{"loc":{"start":{"line":46,"column":6},"end":{"line":46,"column":23}},"type":"cond-expr","locations":[{"start":{"line":46,"column":16},"end":{"line":46,"column":18}},{"start":{"line":46,"column":6},"end":{"line":46,"column":23}}]},"3":{"loc":{"start":{"line":46,"column":6},"end":{"line":46,"column":18}},"type":"binary-expr","locations":[{"start":{"line":46,"column":6},"end":{"line":46,"column":18}},{"start":{"line":46,"column":6},"end":{"line":46,"column":18}}]},"4":{"loc":{"start":{"line":52,"column":2},"end":{"line":54,"column":null}},"type":"if","locations":[{"start":{"line":52,"column":2},"end":{"line":54,"column":null}}]},"5":{"loc":{"start":{"line":59,"column":2},"end":{"line":61,"column":null}},"type":"if","locations":[{"start":{"line":59,"column":2},"end":{"line":61,"column":null}}]},"6":{"loc":{"start":{"line":63,"column":21},"end":{"line":63,"column":66}},"type":"cond-expr","locations":[{"start":{"line":63,"column":41},"end":{"line":63,"column":42}},{"start":{"line":63,"column":45},"end":{"line":63,"column":66}}]},"7":{"loc":{"start":{"line":64,"column":21},"end":{"line":64,"column":81}},"type":"cond-expr","locations":[{"start":{"line":64,"column":41},"end":{"line":64,"column":61}},{"start":{"line":64,"column":64},"end":{"line":64,"column":81}}]},"8":{"loc":{"start":{"line":82,"column":2},"end":{"line":84,"column":null}},"type":"if","locations":[{"start":{"line":82,"column":2},"end":{"line":84,"column":null}}]},"9":{"loc":{"start":{"line":98,"column":2},"end":{"line":100,"column":null}},"type":"if","locations":[{"start":{"line":98,"column":2},"end":{"line":100,"column":null}}]},"10":{"loc":{"start":{"line":106,"column":4},"end":{"line":106,"column":18}},"type":"binary-expr","locations":[{"start":{"line":106,"column":4},"end":{"line":106,"column":10}},{"start":{"line":106,"column":14},"end":{"line":106,"column":18}}]},"11":{"loc":{"start":{"line":120,"column":2},"end":{"line":122,"column":null}},"type":"if","locations":[{"start":{"line":120,"column":2},"end":{"line":122,"column":null}}]},"12":{"loc":{"start":{"line":120,"column":7},"end":{"line":120,"column":26}},"type":"cond-expr","locations":[{"start":{"line":120,"column":18},"end":{"line":120,"column":20}},{"start":{"line":120,"column":7},"end":{"line":120,"column":26}}]},"13":{"loc":{"start":{"line":120,"column":7},"end":{"line":120,"column":20}},"type":"binary-expr","locations":[{"start":{"line":120,"column":7},"end":{"line":120,"column":20}},{"start":{"line":120,"column":7},"end":{"line":120,"column":20}}]},"14":{"loc":{"start":{"line":125,"column":4},"end":{"line":126,"column":34}},"type":"binary-expr","locations":[{"start":{"line":125,"column":5},"end":{"line":125,"column":29}},{"start":{"line":126,"column":8},"end":{"line":126,"column":33}}]},"15":{"loc":{"start":{"line":129,"column":29},"end":{"line":129,"column":56}},"type":"cond-expr","locations":[{"start":{"line":129,"column":51},"end":{"line":129,"column":52}},{"start":{"line":129,"column":55},"end":{"line":129,"column":56}}]},"16":{"loc":{"start":{"line":146,"column":2},"end":{"line":157,"column":null}},"type":"if","locations":[{"start":{"line":146,"column":2},"end":{"line":157,"column":null}}]},"17":{"loc":{"start":{"line":154,"column":4},"end":{"line":156,"column":null}},"type":"if","locations":[{"start":{"line":154,"column":4},"end":{"line":156,"column":null}}]},"18":{"loc":{"start":{"line":160,"column":4},"end":{"line":164,"column":null}},"type":"if","locations":[{"start":{"line":160,"column":4},"end":{"line":164,"column":null}},{"start":{"line":162,"column":11},"end":{"line":164,"column":null}}]}},"s":{"0":11,"1":11,"2":11,"3":11,"4":2,"5":9,"6":9,"7":0,"8":9,"9":9,"10":9,"11":2,"12":7,"13":7,"14":7,"15":8,"16":20,"17":20,"18":16,"19":20,"20":7,"21":13,"22":8,"23":7,"24":7,"25":4,"26":7,"27":7,"28":7,"29":8,"30":6,"31":6,"32":2,"33":4,"34":4,"35":4,"36":8,"37":2,"38":2,"39":2,"40":1,"41":1,"42":1,"43":1,"44":0,"45":2,"46":2,"47":5,"48":1,"49":4,"50":2,"51":8},"f":{"0":11,"1":20,"2":7,"3":6,"4":2},"b":{"0":[10],"1":[2],"2":[2,9],"3":[11,9],"4":[0],"5":[2],"6":[1,6],"7":[1,6],"8":[7],"9":[4],"10":[7,4],"11":[2],"12":[2,4],"13":[6,4],"14":[4,4],"15":[4,0],"16":[1],"17":[0],"18":[1,4]}}
,"/Users/zavanton/Desktop/revisor-obsidian-plugin/src/settings.ts": {"path":"/Users/zavanton/Desktop/revisor-obsidian-plugin/src/settings.ts","statementMap":{"0":{"start":{"line":28,"column":13},"end":{"line":46,"column":2}},"1":{"start":{"line":48,"column":13},"end":{"line":50,"column":2}}},"fnMap":{},"branchMap":{},"s":{"0":7,"1":7},"f":{},"b":{}}
,"/Users/zavanton/Desktop/revisor-obsidian-plugin/src/utils.ts": {"path":"/Users/zavanton/Desktop/revisor-obsidian-plugin/src/utils.ts","statementMap":{"0":{"start":{"line":8,"column":2},"end":{"line":12,"column":26}},"1":{"start":{"line":9,"column":16},"end":{"line":9,"column":51}},"2":{"start":{"line":10,"column":4},"end":{"line":10,"column":null}},"3":{"start":{"line":10,"column":25},"end":{"line":10,"column":44}},"4":{"start":{"line":11,"column":4},"end":{"line":11,"column":15}},"5":{"start":{"line":7,"column":0},"end":{"line":7,"column":16}}},"fnMap":{"0":{"name":"uniqByField","decl":{"start":{"line":7,"column":16},"end":{"line":7,"column":27}},"loc":{"start":{"line":7,"column":55},"end":{"line":13,"column":1}}},"1":{"name":"(anonymous_1)","decl":{"start":{"line":8,"column":26},"end":{"line":8,"column":27}},"loc":{"start":{"line":8,"column":60},"end":{"line":12,"column":3}}}},"branchMap":{"0":{"loc":{"start":{"line":9,"column":16},"end":{"line":9,"column":51}},"type":"cond-expr","locations":[{"start":{"line":9,"column":33},"end":{"line":9,"column":37}},{"start":{"line":9,"column":40},"end":{"line":9,"column":51}}]},"1":{"loc":{"start":{"line":10,"column":4},"end":{"line":10,"column":null}},"type":"if","locations":[{"start":{"line":10,"column":4},"end":{"line":10,"column":null}}]}},"s":{"0":2,"1":7,"2":7,"3":4,"4":7,"5":1},"f":{"0":2,"1":7},"b":{"0":[2,5],"1":[4]}}
,"/Users/zavanton/Desktop/revisor-obsidian-plugin/src/repeat/activity.ts": {"path":"/Users/zavanton/Desktop/revisor-obsidian-plugin/src/repeat/activity.ts","statementMap":{"0":{"start":{"line":1,"column":0},"end":{"line":1,"column":33}},"1":{"start":{"line":6,"column":37},"end":{"line":6,"column":66}},"2":{"start":{"line":7,"column":2},"end":{"line":10,"column":4}},"3":{"start":{"line":14,"column":27},"end":{"line":14,"column":49}},"4":{"start":{"line":15,"column":14},"end":{"line":20,"column":4}},"5":{"start":{"line":21,"column":2},"end":{"line":23,"column":null}},"6":{"start":{"line":22,"column":4},"end":{"line":22,"column":37}},"7":{"start":{"line":24,"column":2},"end":{"line":24,"column":28}},"8":{"start":{"line":13,"column":0},"end":{"line":13,"column":16}},"9":{"start":{"line":28,"column":2},"end":{"line":28,"column":67}},"10":{"start":{"line":27,"column":0},"end":{"line":27,"column":16}},"11":{"start":{"line":32,"column":14},"end":{"line":32,"column":28}},"12":{"start":{"line":33,"column":21},"end":{"line":33,"column":53}},"13":{"start":{"line":34,"column":21},"end":{"line":34,"column":59}},"14":{"start":{"line":35,"column":16},"end":{"line":35,"column":44}},"15":{"start":{"line":36,"column":16},"end":{"line":36,"column":44}},"16":{"start":{"line":37,"column":2},"end":{"line":37,"column":52}},"17":{"start":{"line":31,"column":0},"end":{"line":31,"column":16}},"18":{"start":{"line":56,"column":12},"end":{"line":56,"column":30}},"19":{"start":{"line":57,"column":2},"end":{"line":57,"column":31}},"20":{"start":{"line":57,"column":22},"end":{"line":57,"column":31}},"21":{"start":{"line":58,"column":2},"end":{"line":58,"column":27}},"22":{"start":{"line":55,"column":0},"end":{"line":55,"column":16}},"23":{"start":{"line":62,"column":12},"end":{"line":62,"column":27}},"24":{"start":{"line":63,"column":2},"end":{"line":63,"column":25}},"25":{"start":{"line":63,"column":10},"end":{"line":63,"column":25}},"26":{"start":{"line":64,"column":2},"end":{"line":64,"column":34}},"27":{"start":{"line":64,"column":19},"end":{"line":64,"column":34}},"28":{"start":{"line":65,"column":2},"end":{"line":65,"column":39}},"29":{"start":{"line":65,"column":24},"end":{"line":65,"column":39}},"30":{"start":{"line":66,"column":2},"end":{"line":66,"column":43}},"31":{"start":{"line":66,"column":26},"end":{"line":66,"column":43}},"32":{"start":{"line":67,"column":14},"end":{"line":67,"column":42}},"33":{"start":{"line":68,"column":2},"end":{"line":68,"column":40}},"34":{"start":{"line":61,"column":0},"end":{"line":61,"column":16}},"35":{"start":{"line":72,"column":2},"end":{"line":72,"column":20}},"36":{"start":{"line":71,"column":0},"end":{"line":71,"column":16}},"37":{"start":{"line":81,"column":12},"end":{"line":81,"column":37}},"38":{"start":{"line":82,"column":2},"end":{"line":85,"column":null}},"39":{"start":{"line":83,"column":16},"end":{"line":83,"column":51}},"40":{"start":{"line":84,"column":4},"end":{"line":84,"column":38}},"41":{"start":{"line":86,"column":2},"end":{"line":86,"column":11}},"42":{"start":{"line":77,"column":0},"end":{"line":77,"column":16}},"43":{"start":{"line":93,"column":12},"end":{"line":93,"column":96}},"44":{"start":{"line":94,"column":16},"end":{"line":94,"column":69}},"45":{"start":{"line":94,"column":23},"end":{"line":94,"column":68}},"46":{"start":{"line":95,"column":2},"end":{"line":100,"column":null}},"47":{"start":{"line":96,"column":16},"end":{"line":96,"column":51}},"48":{"start":{"line":97,"column":16},"end":{"line":97,"column":37}},"49":{"start":{"line":98,"column":4},"end":{"line":98,"column":21}},"50":{"start":{"line":99,"column":4},"end":{"line":99,"column":20}},"51":{"start":{"line":101,"column":2},"end":{"line":101,"column":11}},"52":{"start":{"line":89,"column":0},"end":{"line":89,"column":16}},"53":{"start":{"line":110,"column":25},"end":{"line":110,"column":27}},"54":{"start":{"line":111,"column":2},"end":{"line":121,"column":null}},"55":{"start":{"line":112,"column":15},"end":{"line":114,"column":17}},"56":{"start":{"line":115,"column":4},"end":{"line":117,"column":null}},"57":{"start":{"line":115,"column":17},"end":{"line":115,"column":18}},"58":{"start":{"line":116,"column":6},"end":{"line":116,"column":70}},"59":{"start":{"line":118,"column":4},"end":{"line":120,"column":null}},"60":{"start":{"line":118,"column":17},"end":{"line":118,"column":18}},"61":{"start":{"line":119,"column":6},"end":{"line":119,"column":85}},"62":{"start":{"line":122,"column":2},"end":{"line":122,"column":13}},"63":{"start":{"line":106,"column":0},"end":{"line":106,"column":16}}},"fnMap":{"0":{"name":"parseTime","decl":{"start":{"line":5,"column":9},"end":{"line":5,"column":18}},"loc":{"start":{"line":5,"column":45},"end":{"line":11,"column":1}}},"1":{"name":"activityDayKey","decl":{"start":{"line":13,"column":16},"end":{"line":13,"column":30}},"loc":{"start":{"line":13,"column":65},"end":{"line":25,"column":1}}},"2":{"name":"activityDayKeyMs","decl":{"start":{"line":27,"column":16},"end":{"line":27,"column":32}},"loc":{"start":{"line":27,"column":69},"end":{"line":29,"column":1}}},"3":{"name":"dayIndex","decl":{"start":{"line":31,"column":16},"end":{"line":31,"column":24}},"loc":{"start":{"line":31,"column":61},"end":{"line":38,"column":1}}},"4":{"name":"ratingToNumber","decl":{"start":{"line":55,"column":16},"end":{"line":55,"column":30}},"loc":{"start":{"line":55,"column":45},"end":{"line":59,"column":1}}},"5":{"name":"classifyKind","decl":{"start":{"line":61,"column":16},"end":{"line":61,"column":28}},"loc":{"start":{"line":61,"column":44},"end":{"line":69,"column":1}}},"6":{"name":"isCorrect","decl":{"start":{"line":71,"column":16},"end":{"line":71,"column":25}},"loc":{"start":{"line":71,"column":46},"end":{"line":73,"column":1}}},"7":{"name":"dailyCountsFromLog","decl":{"start":{"line":77,"column":16},"end":{"line":77,"column":34}},"loc":{"start":{"line":79,"column":21},"end":{"line":87,"column":1}}},"8":{"name":"dailyCountsByKindFromLog","decl":{"start":{"line":89,"column":16},"end":{"line":89,"column":40}},"loc":{"start":{"line":91,"column":21},"end":{"line":102,"column":1}}},"9":{"name":"(anonymous_9)","decl":{"start":{"line":94,"column":16},"end":{"line":94,"column":19}},"loc":{"start":{"line":94,"column":23},"end":{"line":94,"column":68}}},"10":{"name":"migrateLegacyActivity","decl":{"start":{"line":106,"column":16},"end":{"line":106,"column":37}},"loc":{"start":{"line":108,"column":21},"end":{"line":123,"column":1}}}},"branchMap":{"0":{"loc":{"start":{"line":21,"column":2},"end":{"line":23,"column":null}},"type":"if","locations":[{"start":{"line":21,"column":2},"end":{"line":23,"column":null}}]},"1":{"loc":{"start":{"line":57,"column":2},"end":{"line":57,"column":31}},"type":"if","locations":[{"start":{"line":57,"column":2},"end":{"line":57,"column":31}}]},"2":{"loc":{"start":{"line":57,"column":6},"end":{"line":57,"column":20}},"type":"binary-expr","locations":[{"start":{"line":57,"column":6},"end":{"line":57,"column":11}},{"start":{"line":57,"column":15},"end":{"line":57,"column":20}}]},"3":{"loc":{"start":{"line":62,"column":12},"end":{"line":62,"column":27}},"type":"cond-expr","locations":[{"start":{"line":62,"column":20},"end":{"line":62,"column":22}},{"start":{"line":62,"column":20},"end":{"line":62,"column":27}}]},"4":{"loc":{"start":{"line":62,"column":12},"end":{"line":62,"column":22}},"type":"binary-expr","locations":[{"start":{"line":62,"column":12},"end":{"line":62,"column":22}},{"start":{"line":62,"column":20},"end":{"line":62,"column":22}}]},"5":{"loc":{"start":{"line":63,"column":2},"end":{"line":63,"column":25}},"type":"if","locations":[{"start":{"line":63,"column":2},"end":{"line":63,"column":25}}]},"6":{"loc":{"start":{"line":64,"column":2},"end":{"line":64,"column":34}},"type":"if","locations":[{"start":{"line":64,"column":2},"end":{"line":64,"column":34}}]},"7":{"loc":{"start":{"line":65,"column":2},"end":{"line":65,"column":39}},"type":"if","locations":[{"start":{"line":65,"column":2},"end":{"line":65,"column":39}}]},"8":{"loc":{"start":{"line":66,"column":2},"end":{"line":66,"column":43}},"type":"if","locations":[{"start":{"line":66,"column":2},"end":{"line":66,"column":43}}]},"9":{"loc":{"start":{"line":67,"column":14},"end":{"line":67,"column":42}},"type":"cond-expr","locations":[{"start":{"line":67,"column":37},"end":{"line":67,"column":41}},{"start":{"line":67,"column":41},"end":{"line":67,"column":42}}]},"10":{"loc":{"start":{"line":67,"column":14},"end":{"line":67,"column":41}},"type":"binary-expr","locations":[{"start":{"line":67,"column":14},"end":{"line":67,"column":41}},{"start":{"line":67,"column":37},"end":{"line":67,"column":41}}]},"11":{"loc":{"start":{"line":67,"column":14},"end":{"line":67,"column":37}},"type":"cond-expr","locations":[{"start":{"line":67,"column":22},"end":{"line":67,"column":24}},{"start":{"line":67,"column":22},"end":{"line":67,"column":37}}]},"12":{"loc":{"start":{"line":67,"column":14},"end":{"line":67,"column":24}},"type":"binary-expr","locations":[{"start":{"line":67,"column":14},"end":{"line":67,"column":24}},{"start":{"line":67,"column":22},"end":{"line":67,"column":24}}]},"13":{"loc":{"start":{"line":68,"column":9},"end":{"line":68,"column":39}},"type":"cond-expr","locations":[{"start":{"line":68,"column":21},"end":{"line":68,"column":29}},{"start":{"line":68,"column":32},"end":{"line":68,"column":39}}]},"14":{"loc":{"start":{"line":84,"column":16},"end":{"line":84,"column":31}},"type":"cond-expr","locations":[{"start":{"line":84,"column":26},"end":{"line":84,"column":30}},{"start":{"line":84,"column":30},"end":{"line":84,"column":31}}]},"15":{"loc":{"start":{"line":84,"column":16},"end":{"line":84,"column":30}},"type":"binary-expr","locations":[{"start":{"line":84,"column":16},"end":{"line":84,"column":30}},{"start":{"line":84,"column":26},"end":{"line":84,"column":30}}]},"16":{"loc":{"start":{"line":97,"column":16},"end":{"line":97,"column":37}},"type":"cond-expr","locations":[{"start":{"line":97,"column":26},"end":{"line":97,"column":30}},{"start":{"line":97,"column":30},"end":{"line":97,"column":37}}]},"17":{"loc":{"start":{"line":97,"column":16},"end":{"line":97,"column":30}},"type":"binary-expr","locations":[{"start":{"line":97,"column":16},"end":{"line":97,"column":30}},{"start":{"line":97,"column":26},"end":{"line":97,"column":30}}]},"18":{"loc":{"start":{"line":115,"column":25},"end":{"line":115,"column":42}},"type":"cond-expr","locations":[{"start":{"line":115,"column":37},"end":{"line":115,"column":41}},{"start":{"line":115,"column":41},"end":{"line":115,"column":42}}]},"19":{"loc":{"start":{"line":115,"column":25},"end":{"line":115,"column":41}},"type":"binary-expr","locations":[{"start":{"line":115,"column":25},"end":{"line":115,"column":41}},{"start":{"line":115,"column":37},"end":{"line":115,"column":41}}]},"20":{"loc":{"start":{"line":118,"column":25},"end":{"line":118,"column":41}},"type":"cond-expr","locations":[{"start":{"line":118,"column":36},"end":{"line":118,"column":40}},{"start":{"line":118,"column":40},"end":{"line":118,"column":41}}]},"21":{"loc":{"start":{"line":118,"column":25},"end":{"line":118,"column":40}},"type":"binary-expr","locations":[{"start":{"line":118,"column":25},"end":{"line":118,"column":40}},{"start":{"line":118,"column":36},"end":{"line":118,"column":40}}]}},"s":{"0":4,"1":25,"2":25,"3":25,"4":25,"5":25,"6":3,"7":25,"8":4,"9":16,"10":4,"11":3,"12":3,"13":3,"14":3,"15":3,"16":3,"17":4,"18":4,"19":4,"20":2,"21":2,"22":4,"23":15,"24":15,"25":1,"26":14,"27":1,"28":13,"29":1,"30":12,"31":1,"32":11,"33":11,"34":4,"35":5,"36":4,"37":6,"38":6,"39":9,"40":9,"41":6,"42":4,"43":1,"44":1,"45":2,"46":1,"47":3,"48":3,"49":3,"50":3,"51":1,"52":4,"53":1,"54":1,"55":1,"56":1,"57":1,"58":1,"59":1,"60":1,"61":2,"62":1,"63":4},"f":{"0":25,"1":25,"2":16,"3":3,"4":4,"5":15,"6":5,"7":6,"8":1,"9":2,"10":1},"b":{"0":[3],"1":[2],"2":[4,3],"3":[1,14],"4":[15,15],"5":[1],"6":[1],"7":[1],"8":[1],"9":[11,0],"10":[11,11],"11":[0,11],"12":[11,11],"13":[1,10],"14":[4,5],"15":[9,9],"16":[1,2],"17":[3,3],"18":[2,0],"19":[2,2],"20":[3,0],"21":[3,3]}}
,"/Users/zavanton/Desktop/revisor-obsidian-plugin/src/repeat/choices.ts": {"path":"/Users/zavanton/Desktop/revisor-obsidian-plugin/src/repeat/choices.ts","statementMap":{"0":{"start":{"line":1,"column":0},"end":{"line":1,"column":33}},"1":{"start":{"line":2,"column":0},"end":{"line":2,"column":33}},"2":{"start":{"line":4,"column":0},"end":{"line":4,"column":41}},"3":{"start":{"line":7,"column":0},"end":{"line":7,"column":null}},"4":{"start":{"line":13,"column":13},"end":{"line":19,"column":2}},"5":{"start":{"line":21,"column":13},"end":{"line":21,"column":82}},"6":{"start":{"line":33,"column":26},"end":{"line":33,"column":36}},"7":{"start":{"line":34,"column":2},"end":{"line":36,"column":null}},"8":{"start":{"line":35,"column":4},"end":{"line":35,"column":14}},"9":{"start":{"line":38,"column":20},"end":{"line":38,"column":44}},"10":{"start":{"line":39,"column":21},"end":{"line":39,"column":35}},"11":{"start":{"line":40,"column":15},"end":{"line":40,"column":59}},"12":{"start":{"line":41,"column":18},"end":{"line":41,"column":52}},"13":{"start":{"line":43,"column":2},"end":{"line":57,"column":5}},"14":{"start":{"line":44,"column":31},"end":{"line":44,"column":46}},"15":{"start":{"line":45,"column":27},"end":{"line":49,"column":null}},"16":{"start":{"line":51,"column":4},"end":{"line":56,"column":6}},"17":{"start":{"line":65,"column":2},"end":{"line":67,"column":null}},"18":{"start":{"line":66,"column":4},"end":{"line":66,"column":14}},"19":{"start":{"line":68,"column":14},"end":{"line":68,"column":28}},"20":{"start":{"line":69,"column":2},"end":{"line":74,"column":4}},"21":{"start":{"line":60,"column":0},"end":{"line":60,"column":16}},"22":{"start":{"line":83,"column":2},"end":{"line":84,"column":48}},"23":{"start":{"line":84,"column":22},"end":{"line":84,"column":46}},"24":{"start":{"line":77,"column":0},"end":{"line":77,"column":16}}},"fnMap":{"0":{"name":"getFsrsRepeatChoices","decl":{"start":{"line":27,"column":9},"end":{"line":27,"column":29}},"loc":{"start":{"line":31,"column":21},"end":{"line":58,"column":1}}},"1":{"name":"(anonymous_1)","decl":{"start":{"line":43,"column":26},"end":{"line":43,"column":27}},"loc":{"start":{"line":43,"column":37},"end":{"line":57,"column":3}}},"2":{"name":"getRepeatChoices","decl":{"start":{"line":60,"column":16},"end":{"line":60,"column":32}},"loc":{"start":{"line":63,"column":35},"end":{"line":75,"column":1}}},"3":{"name":"getRepeatChoiceForRating","decl":{"start":{"line":77,"column":16},"end":{"line":77,"column":40}},"loc":{"start":{"line":81,"column":35},"end":{"line":85,"column":1}}},"4":{"name":"(anonymous_4)","decl":{"start":{"line":84,"column":10},"end":{"line":84,"column":11}},"loc":{"start":{"line":84,"column":22},"end":{"line":84,"column":46}}}},"branchMap":{"0":{"loc":{"start":{"line":31,"column":2},"end":{"line":31,"column":21}},"type":"default-arg","locations":[{"start":{"line":31,"column":16},"end":{"line":31,"column":21}}]},"1":{"loc":{"start":{"line":34,"column":2},"end":{"line":36,"column":null}},"type":"if","locations":[{"start":{"line":34,"column":2},"end":{"line":36,"column":null}}]},"2":{"loc":{"start":{"line":34,"column":6},"end":{"line":34,"column":59}},"type":"binary-expr","locations":[{"start":{"line":34,"column":6},"end":{"line":34,"column":18}},{"start":{"line":34,"column":24},"end":{"line":34,"column":41}},{"start":{"line":34,"column":46},"end":{"line":34,"column":58}}]},"3":{"loc":{"start":{"line":65,"column":2},"end":{"line":67,"column":null}},"type":"if","locations":[{"start":{"line":65,"column":2},"end":{"line":67,"column":null}}]},"4":{"loc":{"start":{"line":73,"column":4},"end":{"line":73,"column":24}},"type":"cond-expr","locations":[{"start":{"line":73,"column":11},"end":{"line":73,"column":13}},{"start":{"line":73,"column":4},"end":{"line":73,"column":24}}]},"5":{"loc":{"start":{"line":73,"column":4},"end":{"line":73,"column":13}},"type":"binary-expr","locations":[{"start":{"line":73,"column":4},"end":{"line":73,"column":13}},{"start":{"line":73,"column":4},"end":{"line":73,"column":13}}]}},"s":{"0":2,"1":2,"2":2,"3":2,"4":2,"5":2,"6":5,"7":5,"8":1,"9":4,"10":4,"11":4,"12":4,"13":4,"14":16,"15":16,"16":16,"17":5,"18":0,"19":5,"20":5,"21":2,"22":1,"23":3,"24":2},"f":{"0":5,"1":16,"2":5,"3":1,"4":3},"b":{"0":[0],"1":[1],"2":[5,4,3],"3":[0],"4":[4,1],"5":[5,5]}}
,"/Users/zavanton/Desktop/revisor-obsidian-plugin/src/repeat/dailyStats.ts": {"path":"/Users/zavanton/Desktop/revisor-obsidian-plugin/src/repeat/dailyStats.ts","statementMap":{"0":{"start":{"line":1,"column":0},"end":{"line":1,"column":33}},"1":{"start":{"line":3,"column":0},"end":{"line":3,"column":38}},"2":{"start":{"line":4,"column":0},"end":{"line":4,"column":null}},"3":{"start":{"line":27,"column":2},"end":{"line":27,"column":79}},"4":{"start":{"line":39,"column":27},"end":{"line":39,"column":49}},"5":{"start":{"line":40,"column":14},"end":{"line":45,"column":4}},"6":{"start":{"line":46,"column":2},"end":{"line":48,"column":null}},"7":{"start":{"line":47,"column":4},"end":{"line":47,"column":37}},"8":{"start":{"line":49,"column":2},"end":{"line":49,"column":15}},"9":{"start":{"line":35,"column":0},"end":{"line":35,"column":16}},"10":{"start":{"line":56,"column":2},"end":{"line":56,"column":56}},"11":{"start":{"line":52,"column":0},"end":{"line":52,"column":16}},"12":{"start":{"line":64,"column":27},"end":{"line":64,"column":64}},"13":{"start":{"line":65,"column":19},"end":{"line":65,"column":43}},"14":{"start":{"line":67,"column":2},"end":{"line":73,"column":null}},"15":{"start":{"line":68,"column":4},"end":{"line":72,"column":6}},"16":{"start":{"line":74,"column":2},"end":{"line":74,"column":18}},"17":{"start":{"line":59,"column":0},"end":{"line":59,"column":16}},"18":{"start":{"line":80,"column":2},"end":{"line":82,"column":null}},"19":{"start":{"line":81,"column":4},"end":{"line":81,"column":21}},"20":{"start":{"line":83,"column":2},"end":{"line":85,"column":null}},"21":{"start":{"line":84,"column":4},"end":{"line":84,"column":17}},"22":{"start":{"line":86,"column":2},"end":{"line":92,"column":null}},"23":{"start":{"line":87,"column":4},"end":{"line":91,"column":6}},"24":{"start":{"line":93,"column":2},"end":{"line":93,"column":19}},"25":{"start":{"line":100,"column":39},"end":{"line":102,"column":68}},"26":{"start":{"line":103,"column":36},"end":{"line":105,"column":60}},"27":{"start":{"line":107,"column":2},"end":{"line":109,"column":null}},"28":{"start":{"line":108,"column":4},"end":{"line":108,"column":71}},"29":{"start":{"line":110,"column":2},"end":{"line":112,"column":null}},"30":{"start":{"line":111,"column":4},"end":{"line":111,"column":59}},"31":{"start":{"line":114,"column":2},"end":{"line":114,"column":43}},"32":{"start":{"line":96,"column":0},"end":{"line":96,"column":16}},"33":{"start":{"line":118,"column":2},"end":{"line":118,"column":65}},"34":{"start":{"line":117,"column":0},"end":{"line":117,"column":16}},"35":{"start":{"line":122,"column":2},"end":{"line":122,"column":71}},"36":{"start":{"line":121,"column":0},"end":{"line":121,"column":16}},"37":{"start":{"line":129,"column":2},"end":{"line":131,"column":null}},"38":{"start":{"line":130,"column":4},"end":{"line":130,"column":16}},"39":{"start":{"line":132,"column":2},"end":{"line":134,"column":null}},"40":{"start":{"line":133,"column":4},"end":{"line":133,"column":36}},"41":{"start":{"line":135,"column":2},"end":{"line":137,"column":null}},"42":{"start":{"line":136,"column":4},"end":{"line":136,"column":39}},"43":{"start":{"line":138,"column":2},"end":{"line":138,"column":14}},"44":{"start":{"line":125,"column":0},"end":{"line":125,"column":16}},"45":{"start":{"line":142,"column":2},"end":{"line":142,"column":64}},"46":{"start":{"line":141,"column":0},"end":{"line":141,"column":16}},"47":{"start":{"line":149,"column":2},"end":{"line":151,"column":null}},"48":{"start":{"line":150,"column":4},"end":{"line":150,"column":17}},"49":{"start":{"line":152,"column":2},"end":{"line":154,"column":null}},"50":{"start":{"line":153,"column":4},"end":{"line":153,"column":60}},"51":{"start":{"line":155,"column":2},"end":{"line":155,"column":66}},"52":{"start":{"line":145,"column":0},"end":{"line":145,"column":16}},"53":{"start":{"line":162,"column":2},"end":{"line":164,"column":null}},"54":{"start":{"line":163,"column":4},"end":{"line":163,"column":17}},"55":{"start":{"line":165,"column":2},"end":{"line":170,"column":null}},"56":{"start":{"line":166,"column":4},"end":{"line":168,"column":null}},"57":{"start":{"line":171,"column":2},"end":{"line":173,"column":null}},"58":{"start":{"line":158,"column":0},"end":{"line":158,"column":16}},"59":{"start":{"line":178,"column":2},"end":{"line":178,"column":68}},"60":{"start":{"line":177,"column":0},"end":{"line":177,"column":16}},"61":{"start":{"line":185,"column":17},"end":{"line":185,"column":57}},"62":{"start":{"line":186,"column":26},"end":{"line":186,"column":28}},"63":{"start":{"line":188,"column":2},"end":{"line":191,"column":null}},"64":{"start":{"line":189,"column":22},"end":{"line":189,"column":49}},"65":{"start":{"line":190,"column":4},"end":{"line":190,"column":55}},"66":{"start":{"line":192,"column":2},"end":{"line":195,"column":null}},"67":{"start":{"line":193,"column":22},"end":{"line":193,"column":46}},"68":{"start":{"line":194,"column":4},"end":{"line":194,"column":57}},"69":{"start":{"line":197,"column":2},"end":{"line":197,"column":27}},"70":{"start":{"line":181,"column":0},"end":{"line":181,"column":16}}},"fnMap":{"0":{"name":"isLegacyDailyReviewStats","decl":{"start":{"line":24,"column":9},"end":{"line":24,"column":33}},"loc":{"start":{"line":25,"column":50},"end":{"line":28,"column":1}}},"1":{"name":"getReviewDayStart","decl":{"start":{"line":35,"column":16},"end":{"line":35,"column":33}},"loc":{"start":{"line":37,"column":21},"end":{"line":50,"column":1}}},"2":{"name":"getReviewDayStartMs","decl":{"start":{"line":52,"column":16},"end":{"line":52,"column":35}},"loc":{"start":{"line":54,"column":21},"end":{"line":57,"column":1}}},"3":{"name":"normalizeDailyStats","decl":{"start":{"line":59,"column":16},"end":{"line":59,"column":35}},"loc":{"start":{"line":62,"column":32},"end":{"line":75,"column":1}}},"4":{"name":"resolveDailyStats","decl":{"start":{"line":77,"column":9},"end":{"line":77,"column":26}},"loc":{"start":{"line":78,"column":62},"end":{"line":94,"column":1}}},"5":{"name":"getRemainingDailyLimits","decl":{"start":{"line":96,"column":16},"end":{"line":96,"column":39}},"loc":{"start":{"line":98,"column":25},"end":{"line":115,"column":1}}},"6":{"name":"canReviewNewCard","decl":{"start":{"line":117,"column":16},"end":{"line":117,"column":32}},"loc":{"start":{"line":117,"column":61},"end":{"line":119,"column":1}}},"7":{"name":"canReviewReviewCard","decl":{"start":{"line":121,"column":16},"end":{"line":121,"column":35}},"loc":{"start":{"line":121,"column":64},"end":{"line":123,"column":1}}},"8":{"name":"isWithinDailyLimits","decl":{"start":{"line":125,"column":16},"end":{"line":125,"column":35}},"loc":{"start":{"line":127,"column":30},"end":{"line":139,"column":1}}},"9":{"name":"shouldCountTowardDailyStats","decl":{"start":{"line":141,"column":16},"end":{"line":141,"column":43}},"loc":{"start":{"line":141,"column":66},"end":{"line":143,"column":1}}},"10":{"name":"incrementDailyStats","decl":{"start":{"line":145,"column":16},"end":{"line":145,"column":35}},"loc":{"start":{"line":147,"column":24},"end":{"line":156,"column":1}}},"11":{"name":"decrementDailyStats","decl":{"start":{"line":158,"column":16},"end":{"line":158,"column":35}},"loc":{"start":{"line":160,"column":24},"end":{"line":175,"column":1}}},"12":{"name":"hasActiveDailyLimits","decl":{"start":{"line":177,"column":16},"end":{"line":177,"column":36}},"loc":{"start":{"line":177,"column":67},"end":{"line":179,"column":1}}},"13":{"name":"formatDailyLimitMessage","decl":{"start":{"line":181,"column":16},"end":{"line":181,"column":39}},"loc":{"start":{"line":183,"column":25},"end":{"line":198,"column":1}}}},"branchMap":{"0":{"loc":{"start":{"line":27,"column":9},"end":{"line":27,"column":78}},"type":"binary-expr","locations":[{"start":{"line":27,"column":9},"end":{"line":27,"column":34}},{"start":{"line":27,"column":38},"end":{"line":27,"column":78}}]},"1":{"loc":{"start":{"line":46,"column":2},"end":{"line":48,"column":null}},"type":"if","locations":[{"start":{"line":46,"column":2},"end":{"line":48,"column":null}}]},"2":{"loc":{"start":{"line":62,"column":2},"end":{"line":62,"column":32}},"type":"default-arg","locations":[{"start":{"line":62,"column":18},"end":{"line":62,"column":32}}]},"3":{"loc":{"start":{"line":67,"column":2},"end":{"line":73,"column":null}},"type":"if","locations":[{"start":{"line":67,"column":2},"end":{"line":73,"column":null}}]},"4":{"loc":{"start":{"line":67,"column":6},"end":{"line":67,"column":65}},"type":"binary-expr","locations":[{"start":{"line":67,"column":6},"end":{"line":67,"column":15}},{"start":{"line":67,"column":19},"end":{"line":67,"column":65}}]},"5":{"loc":{"start":{"line":80,"column":2},"end":{"line":82,"column":null}},"type":"if","locations":[{"start":{"line":80,"column":2},"end":{"line":82,"column":null}}]},"6":{"loc":{"start":{"line":83,"column":2},"end":{"line":85,"column":null}},"type":"if","locations":[{"start":{"line":83,"column":2},"end":{"line":85,"column":null}}]},"7":{"loc":{"start":{"line":83,"column":6},"end":{"line":83,"column":79}},"type":"binary-expr","locations":[{"start":{"line":83,"column":6},"end":{"line":83,"column":33}},{"start":{"line":83,"column":37},"end":{"line":83,"column":79}}]},"8":{"loc":{"start":{"line":86,"column":2},"end":{"line":92,"column":null}},"type":"if","locations":[{"start":{"line":86,"column":2},"end":{"line":92,"column":null}}]},"9":{"loc":{"start":{"line":100,"column":39},"end":{"line":102,"column":68}},"type":"cond-expr","locations":[{"start":{"line":101,"column":6},"end":{"line":101,"column":10}},{"start":{"line":102,"column":6},"end":{"line":102,"column":68}}]},"10":{"loc":{"start":{"line":103,"column":36},"end":{"line":105,"column":60}},"type":"cond-expr","locations":[{"start":{"line":104,"column":6},"end":{"line":104,"column":10}},{"start":{"line":105,"column":6},"end":{"line":105,"column":60}}]},"11":{"loc":{"start":{"line":107,"column":2},"end":{"line":109,"column":null}},"type":"if","locations":[{"start":{"line":107,"column":2},"end":{"line":109,"column":null}}]},"12":{"loc":{"start":{"line":110,"column":2},"end":{"line":112,"column":null}},"type":"if","locations":[{"start":{"line":110,"column":2},"end":{"line":112,"column":null}}]},"13":{"loc":{"start":{"line":110,"column":6},"end":{"line":110,"column":55}},"type":"binary-expr","locations":[{"start":{"line":110,"column":6},"end":{"line":110,"column":27}},{"start":{"line":110,"column":31},"end":{"line":110,"column":55}}]},"14":{"loc":{"start":{"line":118,"column":9},"end":{"line":118,"column":64}},"type":"binary-expr","locations":[{"start":{"line":118,"column":9},"end":{"line":118,"column":37}},{"start":{"line":118,"column":41},"end":{"line":118,"column":64}}]},"15":{"loc":{"start":{"line":122,"column":9},"end":{"line":122,"column":70}},"type":"binary-expr","locations":[{"start":{"line":122,"column":9},"end":{"line":122,"column":40}},{"start":{"line":122,"column":44},"end":{"line":122,"column":70}}]},"16":{"loc":{"start":{"line":129,"column":2},"end":{"line":131,"column":null}},"type":"if","locations":[{"start":{"line":129,"column":2},"end":{"line":131,"column":null}}]},"17":{"loc":{"start":{"line":132,"column":2},"end":{"line":134,"column":null}},"type":"if","locations":[{"start":{"line":132,"column":2},"end":{"line":134,"column":null}}]},"18":{"loc":{"start":{"line":135,"column":2},"end":{"line":137,"column":null}},"type":"if","locations":[{"start":{"line":135,"column":2},"end":{"line":137,"column":null}}]},"19":{"loc":{"start":{"line":142,"column":9},"end":{"line":142,"column":63}},"type":"binary-expr","locations":[{"start":{"line":142,"column":9},"end":{"line":142,"column":30}},{"start":{"line":142,"column":34},"end":{"line":142,"column":63}}]},"20":{"loc":{"start":{"line":149,"column":2},"end":{"line":151,"column":null}},"type":"if","locations":[{"start":{"line":149,"column":2},"end":{"line":151,"column":null}}]},"21":{"loc":{"start":{"line":152,"column":2},"end":{"line":154,"column":null}},"type":"if","locations":[{"start":{"line":152,"column":2},"end":{"line":154,"column":null}}]},"22":{"loc":{"start":{"line":162,"column":2},"end":{"line":164,"column":null}},"type":"if","locations":[{"start":{"line":162,"column":2},"end":{"line":164,"column":null}}]},"23":{"loc":{"start":{"line":165,"column":2},"end":{"line":170,"column":null}},"type":"if","locations":[{"start":{"line":165,"column":2},"end":{"line":170,"column":null}}]},"24":{"loc":{"start":{"line":178,"column":9},"end":{"line":178,"column":67}},"type":"binary-expr","locations":[{"start":{"line":178,"column":9},"end":{"line":178,"column":34}},{"start":{"line":178,"column":38},"end":{"line":178,"column":67}}]},"25":{"loc":{"start":{"line":188,"column":2},"end":{"line":191,"column":null}},"type":"if","locations":[{"start":{"line":188,"column":2},"end":{"line":191,"column":null}}]},"26":{"loc":{"start":{"line":189,"column":22},"end":{"line":189,"column":49}},"type":"cond-expr","locations":[{"start":{"line":189,"column":44},"end":{"line":189,"column":48}},{"start":{"line":189,"column":48},"end":{"line":189,"column":49}}]},"27":{"loc":{"start":{"line":189,"column":22},"end":{"line":189,"column":48}},"type":"binary-expr","locations":[{"start":{"line":189,"column":22},"end":{"line":189,"column":48}},{"start":{"line":189,"column":44},"end":{"line":189,"column":48}}]},"28":{"loc":{"start":{"line":192,"column":2},"end":{"line":195,"column":null}},"type":"if","locations":[{"start":{"line":192,"column":2},"end":{"line":195,"column":null}}]},"29":{"loc":{"start":{"line":193,"column":22},"end":{"line":193,"column":46}},"type":"cond-expr","locations":[{"start":{"line":193,"column":41},"end":{"line":193,"column":45}},{"start":{"line":193,"column":45},"end":{"line":193,"column":46}}]},"30":{"loc":{"start":{"line":193,"column":22},"end":{"line":193,"column":45}},"type":"binary-expr","locations":[{"start":{"line":193,"column":22},"end":{"line":193,"column":45}},{"start":{"line":193,"column":41},"end":{"line":193,"column":45}}]}},"s":{"0":1,"1":1,"2":1,"3":1,"4":7,"5":7,"6":7,"7":1,"8":7,"9":1,"10":2,"11":1,"12":2,"13":2,"14":2,"15":1,"16":1,"17":1,"18":2,"19":0,"20":2,"21":1,"22":1,"23":1,"24":0,"25":3,"26":3,"27":3,"28":2,"29":3,"30":2,"31":3,"32":1,"33":3,"34":1,"35":2,"36":1,"37":3,"38":1,"39":2,"40":1,"41":1,"42":1,"43":0,"44":1,"45":9,"46":1,"47":3,"48":1,"49":2,"50":1,"51":1,"52":1,"53":4,"54":1,"55":3,"56":1,"57":2,"58":1,"59":2,"60":1,"61":1,"62":1,"63":1,"64":1,"65":1,"66":1,"67":1,"68":1,"69":1,"70":1},"f":{"0":1,"1":7,"2":2,"3":2,"4":2,"5":3,"6":3,"7":2,"8":3,"9":9,"10":3,"11":4,"12":2,"13":1},"b":{"0":[1,1],"1":[1],"2":[0],"3":[1],"4":[2,2],"5":[0],"6":[1],"7":[2,1],"8":[1],"9":[1,2],"10":[1,2],"11":[2],"12":[2],"13":[3,2],"14":[3,2],"15":[2,1],"16":[1],"17":[1],"18":[1],"19":[9,7],"20":[1],"21":[1],"22":[1],"23":[1],"24":[2,1],"25":[1],"26":[1,0],"27":[1,1],"28":[1],"29":[1,0],"30":[1,1]}}
,"/Users/zavanton/Desktop/revisor-obsidian-plugin/src/repeat/fsrs.ts": {"path":"/Users/zavanton/Desktop/revisor-obsidian-plugin/src/repeat/fsrs.ts","statementMap":{"0":{"start":{"line":1,"column":0},"end":{"line":1,"column":null}},"1":{"start":{"line":9,"column":0},"end":{"line":9,"column":33}},"2":{"start":{"line":12,"column":0},"end":{"line":12,"column":38}},"3":{"start":{"line":15,"column":28},"end":{"line":15,"column":35}},"4":{"start":{"line":18,"column":2},"end":{"line":18,"column":78}},"5":{"start":{"line":18,"column":40},"end":{"line":18,"column":51}},"6":{"start":{"line":17,"column":0},"end":{"line":17,"column":16}},"7":{"start":{"line":22,"column":42},"end":{"line":29,"column":4}},"8":{"start":{"line":30,"column":2},"end":{"line":32,"column":null}},"9":{"start":{"line":31,"column":4},"end":{"line":31,"column":36}},"10":{"start":{"line":33,"column":2},"end":{"line":33,"column":22}},"11":{"start":{"line":21,"column":0},"end":{"line":21,"column":16}},"12":{"start":{"line":37,"column":2},"end":{"line":46,"column":null}},"13":{"start":{"line":39,"column":6},"end":{"line":39,"column":28}},"14":{"start":{"line":41,"column":6},"end":{"line":41,"column":26}},"15":{"start":{"line":43,"column":6},"end":{"line":43,"column":30}},"16":{"start":{"line":45,"column":6},"end":{"line":45,"column":23}},"17":{"start":{"line":50,"column":2},"end":{"line":59,"column":null}},"18":{"start":{"line":52,"column":6},"end":{"line":52,"column":24}},"19":{"start":{"line":54,"column":6},"end":{"line":54,"column":22}},"20":{"start":{"line":56,"column":6},"end":{"line":56,"column":26}},"21":{"start":{"line":58,"column":6},"end":{"line":58,"column":19}},"22":{"start":{"line":49,"column":0},"end":{"line":49,"column":16}},"23":{"start":{"line":63,"column":2},"end":{"line":74,"column":4}},"24":{"start":{"line":62,"column":0},"end":{"line":62,"column":16}},"25":{"start":{"line":78,"column":2},"end":{"line":80,"column":null}},"26":{"start":{"line":79,"column":4},"end":{"line":79,"column":32}},"27":{"start":{"line":81,"column":30},"end":{"line":81,"column":40}},"28":{"start":{"line":82,"column":2},"end":{"line":93,"column":4}},"29":{"start":{"line":77,"column":0},"end":{"line":77,"column":16}},"30":{"start":{"line":100,"column":2},"end":{"line":102,"column":null}},"31":{"start":{"line":101,"column":4},"end":{"line":101,"column":17}},"32":{"start":{"line":103,"column":21},"end":{"line":103,"column":51}},"33":{"start":{"line":104,"column":2},"end":{"line":109,"column":5}},"34":{"start":{"line":96,"column":0},"end":{"line":96,"column":16}},"35":{"start":{"line":118,"column":22},"end":{"line":120,"column":null}},"36":{"start":{"line":122,"column":2},"end":{"line":125,"column":null}},"37":{"start":{"line":112,"column":0},"end":{"line":112,"column":16}},"38":{"start":{"line":133,"column":15},"end":{"line":133,"column":46}},"39":{"start":{"line":134,"column":2},"end":{"line":138,"column":4}},"40":{"start":{"line":129,"column":0},"end":{"line":129,"column":16}}},"fnMap":{"0":{"name":"parseLearningSteps","decl":{"start":{"line":17,"column":16},"end":{"line":17,"column":34}},"loc":{"start":{"line":17,"column":48},"end":{"line":19,"column":1}}},"1":{"name":"(anonymous_1)","decl":{"start":{"line":18,"column":30},"end":{"line":18,"column":31}},"loc":{"start":{"line":18,"column":40},"end":{"line":18,"column":51}}},"2":{"name":"buildScheduler","decl":{"start":{"line":21,"column":16},"end":{"line":21,"column":30}},"loc":{"start":{"line":21,"column":61},"end":{"line":34,"column":1}}},"3":{"name":"stateToEnum","decl":{"start":{"line":36,"column":9},"end":{"line":36,"column":20}},"loc":{"start":{"line":36,"column":50},"end":{"line":47,"column":1}}},"4":{"name":"enumToState","decl":{"start":{"line":49,"column":16},"end":{"line":49,"column":27}},"loc":{"start":{"line":49,"column":40},"end":{"line":60,"column":1}}},"5":{"name":"cardToFsrsState","decl":{"start":{"line":62,"column":16},"end":{"line":62,"column":31}},"loc":{"start":{"line":62,"column":42},"end":{"line":75,"column":1}}},"6":{"name":"repetitionToFsrsCard","decl":{"start":{"line":77,"column":16},"end":{"line":77,"column":36}},"loc":{"start":{"line":77,"column":70},"end":{"line":94,"column":1}}},"7":{"name":"snapDueAtToReviewTime","decl":{"start":{"line":96,"column":16},"end":{"line":96,"column":37}},"loc":{"start":{"line":98,"column":15},"end":{"line":110,"column":1}}},"8":{"name":"fsrsCardToRepetition","decl":{"start":{"line":112,"column":16},"end":{"line":112,"column":36}},"loc":{"start":{"line":116,"column":15},"end":{"line":127,"column":1}}},"9":{"name":"createInitialFsrsRepetition","decl":{"start":{"line":129,"column":16},"end":{"line":129,"column":43}},"loc":{"start":{"line":131,"column":32},"end":{"line":139,"column":1}}}},"branchMap":{"0":{"loc":{"start":{"line":30,"column":2},"end":{"line":32,"column":null}},"type":"if","locations":[{"start":{"line":30,"column":2},"end":{"line":32,"column":null}}]},"1":{"loc":{"start":{"line":30,"column":6},"end":{"line":30,"column":34}},"type":"cond-expr","locations":[{"start":{"line":30,"column":26},"end":{"line":30,"column":28}},{"start":{"line":30,"column":26},"end":{"line":30,"column":34}}]},"2":{"loc":{"start":{"line":30,"column":6},"end":{"line":30,"column":28}},"type":"binary-expr","locations":[{"start":{"line":30,"column":6},"end":{"line":30,"column":28}},{"start":{"line":30,"column":26},"end":{"line":30,"column":28}}]},"3":{"loc":{"start":{"line":37,"column":2},"end":{"line":46,"column":null}},"type":"switch","locations":[{"start":{"line":38,"column":4},"end":{"line":39,"column":28}},{"start":{"line":40,"column":4},"end":{"line":41,"column":26}},{"start":{"line":42,"column":4},"end":{"line":43,"column":30}},{"start":{"line":44,"column":4},"end":{"line":45,"column":23}}]},"4":{"loc":{"start":{"line":50,"column":2},"end":{"line":59,"column":null}},"type":"switch","locations":[{"start":{"line":51,"column":4},"end":{"line":52,"column":24}},{"start":{"line":53,"column":4},"end":{"line":54,"column":22}},{"start":{"line":55,"column":4},"end":{"line":56,"column":26}},{"start":{"line":57,"column":4},"end":{"line":58,"column":19}}]},"5":{"loc":{"start":{"line":71,"column":16},"end":{"line":73,"column":17}},"type":"cond-expr","locations":[{"start":{"line":72,"column":8},"end":{"line":72,"column":45}},{"start":{"line":73,"column":8},"end":{"line":73,"column":17}}]},"6":{"loc":{"start":{"line":78,"column":2},"end":{"line":80,"column":null}},"type":"if","locations":[{"start":{"line":78,"column":2},"end":{"line":80,"column":null}}]},"7":{"loc":{"start":{"line":92,"column":17},"end":{"line":92,"column":49}},"type":"cond-expr","locations":[{"start":{"line":92,"column":37},"end":{"line":92,"column":39}},{"start":{"line":92,"column":37},"end":{"line":92,"column":49}}]},"8":{"loc":{"start":{"line":92,"column":17},"end":{"line":92,"column":39}},"type":"binary-expr","locations":[{"start":{"line":92,"column":17},"end":{"line":92,"column":39}},{"start":{"line":92,"column":37},"end":{"line":92,"column":39}}]},"9":{"loc":{"start":{"line":100,"column":2},"end":{"line":102,"column":null}},"type":"if","locations":[{"start":{"line":100,"column":2},"end":{"line":102,"column":null}}]},"10":{"loc":{"start":{"line":131,"column":2},"end":{"line":131,"column":32}},"type":"default-arg","locations":[{"start":{"line":131,"column":18},"end":{"line":131,"column":32}}]}},"s":{"0":3,"1":3,"2":3,"3":3,"4":12,"5":21,"6":3,"7":5,"8":5,"9":0,"10":5,"11":3,"12":5,"13":0,"14":0,"15":0,"16":5,"17":27,"18":13,"19":6,"20":0,"21":8,"22":3,"23":26,"24":3,"25":6,"26":1,"27":5,"28":5,"29":3,"30":19,"31":14,"32":5,"33":5,"34":3,"35":17,"36":17,"37":3,"38":8,"39":8,"40":3},"f":{"0":12,"1":21,"2":5,"3":5,"4":27,"5":26,"6":6,"7":19,"8":17,"9":8},"b":{"0":[0],"1":[5,0],"2":[5,0],"3":[0,0,0,5],"4":[13,6,0,8],"5":[18,8],"6":[1],"7":[5,0],"8":[5,5],"9":[14],"10":[6]}}
,"/Users/zavanton/Desktop/revisor-obsidian-plugin/src/repeat/parsers.ts": {"path":"/Users/zavanton/Desktop/revisor-obsidian-plugin/src/repeat/parsers.ts","statementMap":{"0":{"start":{"line":1,"column":0},"end":{"line":1,"column":33}},"1":{"start":{"line":2,"column":0},"end":{"line":2,"column":37}},"2":{"start":{"line":4,"column":0},"end":{"line":4,"column":60}},"3":{"start":{"line":11,"column":0},"end":{"line":11,"column":45}},"4":{"start":{"line":13,"column":42},"end":{"line":15,"column":2}},"5":{"start":{"line":18,"column":2},"end":{"line":18,"column":47}},"6":{"start":{"line":17,"column":0},"end":{"line":17,"column":16}},"7":{"start":{"line":22,"column":23},"end":{"line":22,"column":66}},"8":{"start":{"line":23,"column":2},"end":{"line":23,"column":45}},"9":{"start":{"line":21,"column":0},"end":{"line":21,"column":16}},"10":{"start":{"line":27,"column":17},"end":{"line":27,"column":35}},"11":{"start":{"line":28,"column":2},"end":{"line":35,"column":null}},"12":{"start":{"line":29,"column":4},"end":{"line":31,"column":null}},"13":{"start":{"line":30,"column":6},"end":{"line":30,"column":19}},"14":{"start":{"line":32,"column":4},"end":{"line":34,"column":null}},"15":{"start":{"line":33,"column":6},"end":{"line":33,"column":19}},"16":{"start":{"line":36,"column":2},"end":{"line":38,"column":null}},"17":{"start":{"line":37,"column":4},"end":{"line":37,"column":16}},"18":{"start":{"line":39,"column":2},"end":{"line":41,"column":null}},"19":{"start":{"line":40,"column":4},"end":{"line":40,"column":16}},"20":{"start":{"line":42,"column":2},"end":{"line":44,"column":null}},"21":{"start":{"line":43,"column":4},"end":{"line":43,"column":16}},"22":{"start":{"line":45,"column":2},"end":{"line":45,"column":15}},"23":{"start":{"line":26,"column":0},"end":{"line":26,"column":16}},"24":{"start":{"line":52,"column":2},"end":{"line":58,"column":null}},"25":{"start":{"line":53,"column":29},"end":{"line":53,"column":66}},"26":{"start":{"line":55,"column":4},"end":{"line":57,"column":null}},"27":{"start":{"line":56,"column":6},"end":{"line":56,"column":30}},"28":{"start":{"line":59,"column":2},"end":{"line":59,"column":27}},"29":{"start":{"line":48,"column":0},"end":{"line":48,"column":16}},"30":{"start":{"line":63,"column":21},"end":{"line":63,"column":48}},"31":{"start":{"line":64,"column":2},"end":{"line":66,"column":null}},"32":{"start":{"line":65,"column":4},"end":{"line":65,"column":39}},"33":{"start":{"line":67,"column":2},"end":{"line":67,"column":15}},"34":{"start":{"line":71,"column":17},"end":{"line":71,"column":30}},"35":{"start":{"line":72,"column":2},"end":{"line":72,"column":53}},"36":{"start":{"line":76,"column":2},"end":{"line":78,"column":null}},"37":{"start":{"line":77,"column":4},"end":{"line":77,"column":21}},"38":{"start":{"line":80,"column":2},"end":{"line":90,"column":null}},"39":{"start":{"line":81,"column":4},"end":{"line":85,"column":null}},"40":{"start":{"line":82,"column":6},"end":{"line":82,"column":30}},"41":{"start":{"line":84,"column":6},"end":{"line":84,"column":23}},"42":{"start":{"line":86,"column":9},"end":{"line":90,"column":null}},"43":{"start":{"line":87,"column":4},"end":{"line":87,"column":43}},"44":{"start":{"line":89,"column":4},"end":{"line":89,"column":21}},"45":{"start":{"line":91,"column":24},"end":{"line":91,"column":41}},"46":{"start":{"line":93,"column":2},"end":{"line":99,"column":null}},"47":{"start":{"line":94,"column":19},"end":{"line":94,"column":58}},"48":{"start":{"line":96,"column":4},"end":{"line":98,"column":null}},"49":{"start":{"line":97,"column":6},"end":{"line":97,"column":26}},"50":{"start":{"line":100,"column":2},"end":{"line":109,"column":4}},"51":{"start":{"line":115,"column":2},"end":{"line":117,"column":null}},"52":{"start":{"line":116,"column":4},"end":{"line":116,"column":21}},"53":{"start":{"line":118,"column":2},"end":{"line":120,"column":null}},"54":{"start":{"line":119,"column":4},"end":{"line":119,"column":44}},"55":{"start":{"line":121,"column":2},"end":{"line":141,"column":null}},"56":{"start":{"line":122,"column":26},"end":{"line":122,"column":54}},"57":{"start":{"line":124,"column":4},"end":{"line":130,"column":null}},"58":{"start":{"line":125,"column":21},"end":{"line":125,"column":60}},"59":{"start":{"line":127,"column":6},"end":{"line":129,"column":null}},"60":{"start":{"line":128,"column":8},"end":{"line":128,"column":28}},"61":{"start":{"line":131,"column":4},"end":{"line":140,"column":6}},"62":{"start":{"line":142,"column":2},"end":{"line":142,"column":19}},"63":{"start":{"line":112,"column":0},"end":{"line":112,"column":16}},"64":{"start":{"line":146,"column":2},"end":{"line":148,"column":null}},"65":{"start":{"line":147,"column":4},"end":{"line":147,"column":16}},"66":{"start":{"line":149,"column":2},"end":{"line":151,"column":null}},"67":{"start":{"line":150,"column":4},"end":{"line":150,"column":69}},"68":{"start":{"line":152,"column":2},"end":{"line":152,"column":15}},"69":{"start":{"line":145,"column":0},"end":{"line":145,"column":16}},"70":{"start":{"line":159,"column":14},"end":{"line":159,"column":46}},"71":{"start":{"line":160,"column":2},"end":{"line":162,"column":null}},"72":{"start":{"line":161,"column":4},"end":{"line":161,"column":21}},"73":{"start":{"line":163,"column":17},"end":{"line":163,"column":46}},"74":{"start":{"line":165,"column":2},"end":{"line":167,"column":null}},"75":{"start":{"line":166,"column":4},"end":{"line":166,"column":21}},"76":{"start":{"line":168,"column":2},"end":{"line":168,"column":16}},"77":{"start":{"line":175,"column":2},"end":{"line":177,"column":null}},"78":{"start":{"line":176,"column":4},"end":{"line":176,"column":21}},"79":{"start":{"line":178,"column":20},"end":{"line":178,"column":55}},"80":{"start":{"line":179,"column":2},"end":{"line":188,"column":4}},"81":{"start":{"line":171,"column":0},"end":{"line":171,"column":16}},"82":{"start":{"line":194,"column":17},"end":{"line":194,"column":53}},"83":{"start":{"line":195,"column":2},"end":{"line":197,"column":null}},"84":{"start":{"line":196,"column":4},"end":{"line":196,"column":21}},"85":{"start":{"line":198,"column":22},"end":{"line":198,"column":64}},"86":{"start":{"line":199,"column":2},"end":{"line":199,"column":38}},"87":{"start":{"line":191,"column":0},"end":{"line":191,"column":16}},"88":{"start":{"line":203,"column":37},"end":{"line":203,"column":66}},"89":{"start":{"line":204,"column":2},"end":{"line":207,"column":4}},"90":{"start":{"line":202,"column":0},"end":{"line":202,"column":16}}},"fnMap":{"0":{"name":"isFsrsRepeat","decl":{"start":{"line":17,"column":16},"end":{"line":17,"column":28}},"loc":{"start":{"line":17,"column":43},"end":{"line":19,"column":1}}},"1":{"name":"isRepeatDisabled","decl":{"start":{"line":21,"column":16},"end":{"line":21,"column":32}},"loc":{"start":{"line":21,"column":57},"end":{"line":24,"column":1}}},"2":{"name":"isRevisorNote","decl":{"start":{"line":26,"column":16},"end":{"line":26,"column":29}},"loc":{"start":{"line":26,"column":66},"end":{"line":46,"column":1}}},"3":{"name":"parseRepeatDueAt","decl":{"start":{"line":48,"column":16},"end":{"line":48,"column":32}},"loc":{"start":{"line":50,"column":29},"end":{"line":60,"column":1}}},"4":{"name":"parseFsrsStateName","decl":{"start":{"line":62,"column":9},"end":{"line":62,"column":27}},"loc":{"start":{"line":62,"column":42},"end":{"line":68,"column":1}}},"5":{"name":"parseFsrsNumber","decl":{"start":{"line":70,"column":9},"end":{"line":70,"column":24}},"loc":{"start":{"line":70,"column":53},"end":{"line":73,"column":1}}},"6":{"name":"parseFsrsBlock","decl":{"start":{"line":75,"column":9},"end":{"line":75,"column":23}},"loc":{"start":{"line":75,"column":36},"end":{"line":110,"column":1}}},"7":{"name":"parseFsrsFromFrontmatter","decl":{"start":{"line":112,"column":16},"end":{"line":112,"column":40}},"loc":{"start":{"line":113,"column":46},"end":{"line":143,"column":1}}},"8":{"name":"parseBooleanField","decl":{"start":{"line":145,"column":16},"end":{"line":145,"column":33}},"loc":{"start":{"line":145,"column":48},"end":{"line":153,"column":1}}},"9":{"name":"parseBuriedUntil","decl":{"start":{"line":155,"column":9},"end":{"line":155,"column":25}},"loc":{"start":{"line":157,"column":15},"end":{"line":169,"column":1}}},"10":{"name":"parseRepetition","decl":{"start":{"line":171,"column":16},"end":{"line":171,"column":31}},"loc":{"start":{"line":173,"column":42},"end":{"line":189,"column":1}}},"11":{"name":"parseRepetitionFromMarkdown","decl":{"start":{"line":191,"column":16},"end":{"line":191,"column":43}},"loc":{"start":{"line":192,"column":18},"end":{"line":200,"column":1}}},"12":{"name":"parseTime","decl":{"start":{"line":202,"column":16},"end":{"line":202,"column":25}},"loc":{"start":{"line":202,"column":52},"end":{"line":208,"column":1}}}},"branchMap":{"0":{"loc":{"start":{"line":28,"column":2},"end":{"line":35,"column":null}},"type":"if","locations":[{"start":{"line":28,"column":2},"end":{"line":35,"column":null}}]},"1":{"loc":{"start":{"line":29,"column":4},"end":{"line":31,"column":null}},"type":"if","locations":[{"start":{"line":29,"column":4},"end":{"line":31,"column":null}}]},"2":{"loc":{"start":{"line":32,"column":4},"end":{"line":34,"column":null}},"type":"if","locations":[{"start":{"line":32,"column":4},"end":{"line":34,"column":null}}]},"3":{"loc":{"start":{"line":32,"column":8},"end":{"line":32,"column":46}},"type":"binary-expr","locations":[{"start":{"line":32,"column":8},"end":{"line":32,"column":21}},{"start":{"line":32,"column":25},"end":{"line":32,"column":46}}]},"4":{"loc":{"start":{"line":36,"column":2},"end":{"line":38,"column":null}},"type":"if","locations":[{"start":{"line":36,"column":2},"end":{"line":38,"column":null}}]},"5":{"loc":{"start":{"line":39,"column":2},"end":{"line":41,"column":null}},"type":"if","locations":[{"start":{"line":39,"column":2},"end":{"line":41,"column":null}}]},"6":{"loc":{"start":{"line":42,"column":2},"end":{"line":44,"column":null}},"type":"if","locations":[{"start":{"line":42,"column":2},"end":{"line":44,"column":null}}]},"7":{"loc":{"start":{"line":42,"column":6},"end":{"line":42,"column":56}},"type":"binary-expr","locations":[{"start":{"line":42,"column":6},"end":{"line":42,"column":32}},{"start":{"line":42,"column":36},"end":{"line":42,"column":56}}]},"8":{"loc":{"start":{"line":52,"column":2},"end":{"line":58,"column":null}},"type":"if","locations":[{"start":{"line":52,"column":2},"end":{"line":58,"column":null}}]},"9":{"loc":{"start":{"line":55,"column":4},"end":{"line":57,"column":null}},"type":"if","locations":[{"start":{"line":55,"column":4},"end":{"line":57,"column":null}}]},"10":{"loc":{"start":{"line":64,"column":2},"end":{"line":66,"column":null}},"type":"if","locations":[{"start":{"line":64,"column":2},"end":{"line":66,"column":null}}]},"11":{"loc":{"start":{"line":70,"column":41},"end":{"line":70,"column":53}},"type":"default-arg","locations":[{"start":{"line":70,"column":52},"end":{"line":70,"column":53}}]},"12":{"loc":{"start":{"line":72,"column":9},"end":{"line":72,"column":52}},"type":"cond-expr","locations":[{"start":{"line":72,"column":35},"end":{"line":72,"column":41}},{"start":{"line":72,"column":44},"end":{"line":72,"column":52}}]},"13":{"loc":{"start":{"line":76,"column":2},"end":{"line":78,"column":null}},"type":"if","locations":[{"start":{"line":76,"column":2},"end":{"line":78,"column":null}}]},"14":{"loc":{"start":{"line":80,"column":2},"end":{"line":90,"column":null}},"type":"if","locations":[{"start":{"line":80,"column":2},"end":{"line":90,"column":null}},{"start":{"line":86,"column":9},"end":{"line":90,"column":null}}]},"15":{"loc":{"start":{"line":86,"column":9},"end":{"line":90,"column":null}},"type":"if","locations":[{"start":{"line":86,"column":9},"end":{"line":90,"column":null}},{"start":{"line":88,"column":9},"end":{"line":90,"column":null}}]},"16":{"loc":{"start":{"line":93,"column":2},"end":{"line":99,"column":null}},"type":"if","locations":[{"start":{"line":93,"column":2},"end":{"line":99,"column":null}}]},"17":{"loc":{"start":{"line":96,"column":4},"end":{"line":98,"column":null}},"type":"if","locations":[{"start":{"line":96,"column":4},"end":{"line":98,"column":null}}]},"18":{"loc":{"start":{"line":115,"column":2},"end":{"line":117,"column":null}},"type":"if","locations":[{"start":{"line":115,"column":2},"end":{"line":117,"column":null}}]},"19":{"loc":{"start":{"line":118,"column":2},"end":{"line":120,"column":null}},"type":"if","locations":[{"start":{"line":118,"column":2},"end":{"line":120,"column":null}}]},"20":{"loc":{"start":{"line":121,"column":2},"end":{"line":141,"column":null}},"type":"if","locations":[{"start":{"line":121,"column":2},"end":{"line":141,"column":null}}]},"21":{"loc":{"start":{"line":124,"column":4},"end":{"line":130,"column":null}},"type":"if","locations":[{"start":{"line":124,"column":4},"end":{"line":130,"column":null}}]},"22":{"loc":{"start":{"line":127,"column":6},"end":{"line":129,"column":null}},"type":"if","locations":[{"start":{"line":127,"column":6},"end":{"line":129,"column":null}}]},"23":{"loc":{"start":{"line":146,"column":2},"end":{"line":148,"column":null}},"type":"if","locations":[{"start":{"line":146,"column":2},"end":{"line":148,"column":null}}]},"24":{"loc":{"start":{"line":146,"column":6},"end":{"line":146,"column":40}},"type":"binary-expr","locations":[{"start":{"line":146,"column":6},"end":{"line":146,"column":20}},{"start":{"line":146,"column":24},"end":{"line":146,"column":40}}]},"25":{"loc":{"start":{"line":149,"column":2},"end":{"line":151,"column":null}},"type":"if","locations":[{"start":{"line":149,"column":2},"end":{"line":151,"column":null}}]},"26":{"loc":{"start":{"line":160,"column":2},"end":{"line":162,"column":null}},"type":"if","locations":[{"start":{"line":160,"column":2},"end":{"line":162,"column":null}}]},"27":{"loc":{"start":{"line":165,"column":2},"end":{"line":167,"column":null}},"type":"if","locations":[{"start":{"line":165,"column":2},"end":{"line":167,"column":null}}]},"28":{"loc":{"start":{"line":165,"column":6},"end":{"line":165,"column":37}},"type":"binary-expr","locations":[{"start":{"line":165,"column":6},"end":{"line":165,"column":20}},{"start":{"line":165,"column":24},"end":{"line":165,"column":37}}]},"29":{"loc":{"start":{"line":175,"column":2},"end":{"line":177,"column":null}},"type":"if","locations":[{"start":{"line":175,"column":2},"end":{"line":177,"column":null}}]},"30":{"loc":{"start":{"line":178,"column":20},"end":{"line":178,"column":55}},"type":"binary-expr","locations":[{"start":{"line":178,"column":20},"end":{"line":178,"column":37}},{"start":{"line":178,"column":41},"end":{"line":178,"column":55}}]},"31":{"loc":{"start":{"line":182,"column":6},"end":{"line":182,"column":65}},"type":"cond-expr","locations":[{"start":{"line":182,"column":27},"end":{"line":182,"column":53}},{"start":{"line":182,"column":56},"end":{"line":182,"column":65}}]},"32":{"loc":{"start":{"line":195,"column":2},"end":{"line":197,"column":null}},"type":"if","locations":[{"start":{"line":195,"column":2},"end":{"line":197,"column":null}}]},"33":{"loc":{"start":{"line":198,"column":22},"end":{"line":198,"column":64}},"type":"binary-expr","locations":[{"start":{"line":198,"column":22},"end":{"line":198,"column":58}},{"start":{"line":198,"column":62},"end":{"line":198,"column":64}}]}},"s":{"0":7,"1":7,"2":7,"3":7,"4":7,"5":5,"6":7,"7":6,"8":6,"9":7,"10":69,"11":69,"12":3,"13":1,"14":2,"15":1,"16":67,"17":42,"18":25,"19":16,"20":9,"21":0,"22":9,"23":7,"24":55,"25":55,"26":55,"27":54,"28":1,"29":7,"30":41,"31":41,"32":41,"33":0,"34":246,"35":246,"36":41,"37":0,"38":41,"39":4,"40":4,"41":1,"42":37,"43":37,"44":0,"45":40,"46":40,"47":2,"48":2,"49":2,"50":40,"51":57,"52":1,"53":56,"54":41,"55":15,"56":1,"57":1,"58":1,"59":1,"60":1,"61":1,"62":14,"63":7,"64":60,"65":9,"66":51,"67":4,"68":47,"69":7,"70":55,"71":55,"72":46,"73":9,"74":9,"75":1,"76":8,"77":64,"78":9,"79":55,"80":55,"81":7,"82":2,"83":2,"84":1,"85":1,"86":1,"87":7,"88":16,"89":16,"90":7},"f":{"0":5,"1":6,"2":69,"3":55,"4":41,"5":246,"6":41,"7":57,"8":60,"9":55,"10":64,"11":2,"12":16},"b":{"0":[3],"1":[1],"2":[1],"3":[2,2],"4":[42],"5":[16],"6":[0],"7":[9,0],"8":[55],"9":[54],"10":[41],"11":[246],"12":[58,188],"13":[0],"14":[4,37],"15":[37,0],"16":[2],"17":[2],"18":[1],"19":[41],"20":[1],"21":[1],"22":[1],"23":[9],"24":[60,51],"25":[4],"26":[46],"27":[1],"28":[9,9],"29":[9],"30":[55,10],"31":[55,0],"32":[1],"33":[1,0]}}
,"/Users/zavanton/Desktop/revisor-obsidian-plugin/src/repeat/queries.ts": {"path":"/Users/zavanton/Desktop/revisor-obsidian-plugin/src/repeat/queries.ts","statementMap":{"0":{"start":{"line":1,"column":0},"end":{"line":1,"column":33}},"1":{"start":{"line":4,"column":0},"end":{"line":4,"column":44}},"2":{"start":{"line":5,"column":0},"end":{"line":5,"column":73}},"3":{"start":{"line":26,"column":14},"end":{"line":26,"column":28}},"4":{"start":{"line":27,"column":2},"end":{"line":44,"column":7}},"5":{"start":{"line":29,"column":26},"end":{"line":29,"column":53}},"6":{"start":{"line":30,"column":6},"end":{"line":30,"column":58}},"7":{"start":{"line":31,"column":6},"end":{"line":31,"column":18}},"8":{"start":{"line":34,"column":6},"end":{"line":36,"column":null}},"9":{"start":{"line":35,"column":8},"end":{"line":35,"column":21}},"10":{"start":{"line":37,"column":6},"end":{"line":39,"column":null}},"11":{"start":{"line":38,"column":8},"end":{"line":38,"column":21}},"12":{"start":{"line":40,"column":6},"end":{"line":42,"column":null}},"13":{"start":{"line":41,"column":8},"end":{"line":41,"column":21}},"14":{"start":{"line":43,"column":6},"end":{"line":43,"column":18}},"15":{"start":{"line":53,"column":14},"end":{"line":53,"column":28}},"16":{"start":{"line":54,"column":2},"end":{"line":56,"column":61}},"17":{"start":{"line":55,"column":27},"end":{"line":55,"column":63}},"18":{"start":{"line":56,"column":25},"end":{"line":56,"column":52}},"19":{"start":{"line":47,"column":0},"end":{"line":47,"column":16}},"20":{"start":{"line":65,"column":2},"end":{"line":69,"column":7}},"21":{"start":{"line":67,"column":26},"end":{"line":67,"column":53}},"22":{"start":{"line":68,"column":6},"end":{"line":68,"column":44}},"23":{"start":{"line":59,"column":0},"end":{"line":59,"column":16}},"24":{"start":{"line":75,"column":2},"end":{"line":77,"column":null}},"25":{"start":{"line":76,"column":4},"end":{"line":76,"column":11}},"26":{"start":{"line":78,"column":16},"end":{"line":78,"column":56}},"27":{"start":{"line":79,"column":2},"end":{"line":79,"column":22}},"28":{"start":{"line":72,"column":0},"end":{"line":72,"column":16}},"29":{"start":{"line":88,"column":19},"end":{"line":92,"column":null}},"30":{"start":{"line":94,"column":2},"end":{"line":96,"column":null}},"31":{"start":{"line":95,"column":4},"end":{"line":95,"column":11}},"32":{"start":{"line":97,"column":2},"end":{"line":97,"column":45}},"33":{"start":{"line":82,"column":0},"end":{"line":82,"column":16}},"34":{"start":{"line":106,"column":16},"end":{"line":110,"column":null}},"35":{"start":{"line":112,"column":2},"end":{"line":114,"column":null}},"36":{"start":{"line":113,"column":4},"end":{"line":113,"column":11}},"37":{"start":{"line":115,"column":2},"end":{"line":115,"column":42}},"38":{"start":{"line":100,"column":0},"end":{"line":100,"column":16}},"39":{"start":{"line":124,"column":14},"end":{"line":124,"column":28}},"40":{"start":{"line":125,"column":28},"end":{"line":130,"column":4}},"41":{"start":{"line":131,"column":2},"end":{"line":147,"column":7}},"42":{"start":{"line":133,"column":6},"end":{"line":146,"column":null}},"43":{"start":{"line":135,"column":10},"end":{"line":135,"column":25}},"44":{"start":{"line":136,"column":10},"end":{"line":136,"column":16}},"45":{"start":{"line":138,"column":10},"end":{"line":138,"column":28}},"46":{"start":{"line":139,"column":10},"end":{"line":139,"column":16}},"47":{"start":{"line":141,"column":10},"end":{"line":141,"column":31}},"48":{"start":{"line":142,"column":10},"end":{"line":142,"column":16}},"49":{"start":{"line":144,"column":10},"end":{"line":144,"column":28}},"50":{"start":{"line":145,"column":10},"end":{"line":145,"column":16}},"51":{"start":{"line":148,"column":2},"end":{"line":148,"column":15}},"52":{"start":{"line":118,"column":0},"end":{"line":118,"column":16}},"53":{"start":{"line":157,"column":14},"end":{"line":157,"column":28}},"54":{"start":{"line":158,"column":14},"end":{"line":158,"column":15}},"55":{"start":{"line":159,"column":2},"end":{"line":164,"column":7}},"56":{"start":{"line":161,"column":6},"end":{"line":163,"column":null}},"57":{"start":{"line":162,"column":8},"end":{"line":162,"column":19}},"58":{"start":{"line":165,"column":2},"end":{"line":165,"column":15}},"59":{"start":{"line":151,"column":0},"end":{"line":151,"column":16}},"60":{"start":{"line":171,"column":2},"end":{"line":171,"column":31}},"61":{"start":{"line":171,"column":14},"end":{"line":171,"column":31}},"62":{"start":{"line":173,"column":20},"end":{"line":173,"column":45}},"63":{"start":{"line":175,"column":2},"end":{"line":180,"column":5}},"64":{"start":{"line":176,"column":17},"end":{"line":176,"column":46}},"65":{"start":{"line":177,"column":4},"end":{"line":179,"column":7}},"66":{"start":{"line":178,"column":6},"end":{"line":178,"column":56}},"67":{"start":{"line":182,"column":2},"end":{"line":187,"column":7}},"68":{"start":{"line":183,"column":28},"end":{"line":183,"column":42}},"69":{"start":{"line":185,"column":6},"end":{"line":185,"column":56}},"70":{"start":{"line":185,"column":31},"end":{"line":185,"column":56}},"71":{"start":{"line":186,"column":6},"end":{"line":186,"column":40}},"72":{"start":{"line":195,"column":2},"end":{"line":195,"column":77}},"73":{"start":{"line":190,"column":0},"end":{"line":190,"column":16}},"74":{"start":{"line":203,"column":2},"end":{"line":203,"column":81}},"75":{"start":{"line":198,"column":0},"end":{"line":198,"column":16}}},"fnMap":{"0":{"name":"mutateRevisorPages","decl":{"start":{"line":20,"column":9},"end":{"line":20,"column":27}},"loc":{"start":{"line":24,"column":22},"end":{"line":45,"column":1}}},"1":{"name":"(anonymous_1)","decl":{"start":{"line":28,"column":12},"end":{"line":28,"column":13}},"loc":{"start":{"line":28,"column":26},"end":{"line":32,"column":5}}},"2":{"name":"(anonymous_2)","decl":{"start":{"line":33,"column":11},"end":{"line":33,"column":12}},"loc":{"start":{"line":33,"column":25},"end":{"line":44,"column":5}}},"3":{"name":"getNotesDue","decl":{"start":{"line":47,"column":16},"end":{"line":47,"column":27}},"loc":{"start":{"line":51,"column":22},"end":{"line":57,"column":1}}},"4":{"name":"(anonymous_4)","decl":{"start":{"line":55,"column":12},"end":{"line":55,"column":13}},"loc":{"start":{"line":55,"column":27},"end":{"line":55,"column":63}}},"5":{"name":"(anonymous_5)","decl":{"start":{"line":56,"column":10},"end":{"line":56,"column":11}},"loc":{"start":{"line":56,"column":25},"end":{"line":56,"column":52}}},"6":{"name":"getTrackedNotes","decl":{"start":{"line":59,"column":16},"end":{"line":59,"column":31}},"loc":{"start":{"line":63,"column":22},"end":{"line":70,"column":1}}},"7":{"name":"(anonymous_7)","decl":{"start":{"line":66,"column":12},"end":{"line":66,"column":13}},"loc":{"start":{"line":66,"column":26},"end":{"line":69,"column":5}}},"8":{"name":"pickRandomDuePage","decl":{"start":{"line":72,"column":16},"end":{"line":72,"column":33}},"loc":{"start":{"line":73,"column":34},"end":{"line":80,"column":1}}},"9":{"name":"getNextDueNote","decl":{"start":{"line":82,"column":16},"end":{"line":82,"column":30}},"loc":{"start":{"line":86,"column":22},"end":{"line":98,"column":1}}},"10":{"name":"getNextDrillNote","decl":{"start":{"line":100,"column":16},"end":{"line":100,"column":32}},"loc":{"start":{"line":104,"column":22},"end":{"line":116,"column":1}}},"11":{"name":"getQueueStats","decl":{"start":{"line":118,"column":16},"end":{"line":118,"column":29}},"loc":{"start":{"line":122,"column":22},"end":{"line":149,"column":1}}},"12":{"name":"(anonymous_12)","decl":{"start":{"line":132,"column":14},"end":{"line":132,"column":15}},"loc":{"start":{"line":132,"column":28},"end":{"line":147,"column":5}}},"13":{"name":"countByEligibility","decl":{"start":{"line":151,"column":16},"end":{"line":151,"column":34}},"loc":{"start":{"line":155,"column":22},"end":{"line":166,"column":1}}},"14":{"name":"(anonymous_14)","decl":{"start":{"line":160,"column":14},"end":{"line":160,"column":15}},"loc":{"start":{"line":160,"column":28},"end":{"line":164,"column":5}}},"15":{"name":"getTagsFromPages","decl":{"start":{"line":168,"column":9},"end":{"line":168,"column":25}},"loc":{"start":{"line":169,"column":55},"end":{"line":188,"column":1}}},"16":{"name":"(anonymous_16)","decl":{"start":{"line":175,"column":16},"end":{"line":175,"column":17}},"loc":{"start":{"line":175,"column":30},"end":{"line":180,"column":3}}},"17":{"name":"(anonymous_17)","decl":{"start":{"line":177,"column":17},"end":{"line":177,"column":18}},"loc":{"start":{"line":177,"column":33},"end":{"line":179,"column":5}}},"18":{"name":"(anonymous_18)","decl":{"start":{"line":183,"column":9},"end":{"line":183,"column":10}},"loc":{"start":{"line":183,"column":28},"end":{"line":183,"column":42}}},"19":{"name":"(anonymous_19)","decl":{"start":{"line":184,"column":10},"end":{"line":184,"column":11}},"loc":{"start":{"line":184,"column":19},"end":{"line":187,"column":5}}},"20":{"name":"getTagsFromDueNotes","decl":{"start":{"line":190,"column":16},"end":{"line":190,"column":35}},"loc":{"start":{"line":193,"column":37},"end":{"line":196,"column":1}}},"21":{"name":"getTagsFromTrackedNotes","decl":{"start":{"line":198,"column":16},"end":{"line":198,"column":39}},"loc":{"start":{"line":201,"column":37},"end":{"line":204,"column":1}}}},"branchMap":{"0":{"loc":{"start":{"line":27,"column":9},"end":{"line":44,"column":6}},"type":"cond-expr","locations":[{"start":{"line":27,"column":11},"end":{"line":27,"column":13}},{"start":{"line":27,"column":9},"end":{"line":44,"column":6}}]},"1":{"loc":{"start":{"line":27,"column":9},"end":{"line":27,"column":13}},"type":"binary-expr","locations":[{"start":{"line":27,"column":9},"end":{"line":27,"column":13}},{"start":{"line":27,"column":9},"end":{"line":27,"column":13}}]},"2":{"loc":{"start":{"line":27,"column":19},"end":{"line":27,"column":43}},"type":"binary-expr","locations":[{"start":{"line":27,"column":19},"end":{"line":27,"column":30}},{"start":{"line":27,"column":34},"end":{"line":27,"column":43}}]},"3":{"loc":{"start":{"line":29,"column":26},"end":{"line":29,"column":53}},"type":"binary-expr","locations":[{"start":{"line":29,"column":26},"end":{"line":29,"column":47}},{"start":{"line":29,"column":51},"end":{"line":29,"column":53}}]},"4":{"loc":{"start":{"line":34,"column":6},"end":{"line":36,"column":null}},"type":"if","locations":[{"start":{"line":34,"column":6},"end":{"line":36,"column":null}}]},"5":{"loc":{"start":{"line":37,"column":6},"end":{"line":39,"column":null}},"type":"if","locations":[{"start":{"line":37,"column":6},"end":{"line":39,"column":null}}]},"6":{"loc":{"start":{"line":37,"column":10},"end":{"line":37,"column":75}},"type":"binary-expr","locations":[{"start":{"line":37,"column":10},"end":{"line":37,"column":26}},{"start":{"line":37,"column":30},"end":{"line":37,"column":75}}]},"7":{"loc":{"start":{"line":40,"column":6},"end":{"line":42,"column":null}},"type":"if","locations":[{"start":{"line":40,"column":6},"end":{"line":42,"column":null}}]},"8":{"loc":{"start":{"line":40,"column":10},"end":{"line":40,"column":63}},"type":"binary-expr","locations":[{"start":{"line":40,"column":10},"end":{"line":40,"column":24}},{"start":{"line":40,"column":29},"end":{"line":40,"column":62}}]},"9":{"loc":{"start":{"line":54,"column":9},"end":{"line":56,"column":60}},"type":"cond-expr","locations":[{"start":{"line":54,"column":78},"end":{"line":54,"column":null}},{"start":{"line":54,"column":78},"end":{"line":56,"column":60}}]},"10":{"loc":{"start":{"line":54,"column":9},"end":{"line":54,"column":null}},"type":"binary-expr","locations":[{"start":{"line":54,"column":9},"end":{"line":54,"column":null}},{"start":{"line":54,"column":78},"end":{"line":54,"column":null}}]},"11":{"loc":{"start":{"line":65,"column":9},"end":{"line":69,"column":6}},"type":"cond-expr","locations":[{"start":{"line":65,"column":78},"end":{"line":65,"column":null}},{"start":{"line":65,"column":78},"end":{"line":69,"column":6}}]},"12":{"loc":{"start":{"line":65,"column":9},"end":{"line":65,"column":null}},"type":"binary-expr","locations":[{"start":{"line":65,"column":9},"end":{"line":65,"column":null}},{"start":{"line":65,"column":78},"end":{"line":65,"column":null}}]},"13":{"loc":{"start":{"line":67,"column":26},"end":{"line":67,"column":53}},"type":"binary-expr","locations":[{"start":{"line":67,"column":26},"end":{"line":67,"column":47}},{"start":{"line":67,"column":51},"end":{"line":67,"column":53}}]},"14":{"loc":{"start":{"line":75,"column":2},"end":{"line":77,"column":null}},"type":"if","locations":[{"start":{"line":75,"column":2},"end":{"line":77,"column":null}}]},"15":{"loc":{"start":{"line":94,"column":2},"end":{"line":96,"column":null}},"type":"if","locations":[{"start":{"line":94,"column":2},"end":{"line":96,"column":null}}]},"16":{"loc":{"start":{"line":94,"column":7},"end":{"line":94,"column":23}},"type":"cond-expr","locations":[{"start":{"line":94,"column":15},"end":{"line":94,"column":17}},{"start":{"line":94,"column":7},"end":{"line":94,"column":23}}]},"17":{"loc":{"start":{"line":94,"column":7},"end":{"line":94,"column":17}},"type":"binary-expr","locations":[{"start":{"line":94,"column":7},"end":{"line":94,"column":17}},{"start":{"line":94,"column":7},"end":{"line":94,"column":17}}]},"18":{"loc":{"start":{"line":112,"column":2},"end":{"line":114,"column":null}},"type":"if","locations":[{"start":{"line":112,"column":2},"end":{"line":114,"column":null}}]},"19":{"loc":{"start":{"line":112,"column":7},"end":{"line":112,"column":20}},"type":"cond-expr","locations":[{"start":{"line":112,"column":12},"end":{"line":112,"column":14
[...]
0}}},"5":{"name":"getDailyAverageFromCounts","decl":{"start":{"line":173,"column":9},"end":{"line":173,"column":34}},"loc":{"start":{"line":173,"column":78},"end":{"line":178,"column":1}}}},"branchMap":{"0":{"loc":{"start":{"line":31,"column":20},"end":{"line":31,"column":40}},"type":"cond-expr","locations":[{"start":{"line":31,"column":35},"end":{"line":31,"column":39}},{"start":{"line":31,"column":39},"end":{"line":31,"column":40}}]},"1":{"loc":{"start":{"line":31,"column":20},"end":{"line":31,"column":39}},"type":"binary-expr","locations":[{"start":{"line":31,"column":20},"end":{"line":31,"column":39}},{"start":{"line":31,"column":35},"end":{"line":31,"column":39}}]},"2":{"loc":{"start":{"line":34,"column":23},"end":{"line":34,"column":81}},"type":"cond-expr","locations":[{"start":{"line":34,"column":40},"end":{"line":34,"column":77}},{"start":{"line":34,"column":80},"end":{"line":34,"column":81}}]},"3":{"loc":{"start":{"line":36,"column":19},"end":{"line":36,"column":34}},"type":"cond-expr","locations":[{"start":{"line":36,"column":26},"end":{"line":36,"column":30}},{"start":{"line":36,"column":30},"end":{"line":36,"column":34}}]},"4":{"loc":{"start":{"line":36,"column":19},"end":{"line":36,"column":30}},"type":"binary-expr","locations":[{"start":{"line":36,"column":19},"end":{"line":36,"column":30}},{"start":{"line":36,"column":26},"end":{"line":36,"column":30}}]},"5":{"loc":{"start":{"line":37,"column":18},"end":{"line":37,"column":47}},"type":"cond-expr","locations":[{"start":{"line":37,"column":39},"end":{"line":37,"column":43}},{"start":{"line":37,"column":43},"end":{"line":37,"column":47}}]},"6":{"loc":{"start":{"line":37,"column":18},"end":{"line":37,"column":43}},"type":"binary-expr","locations":[{"start":{"line":37,"column":18},"end":{"line":37,"column":43}},{"start":{"line":37,"column":39},"end":{"line":37,"column":43}}]},"7":{"loc":{"start":{"line":40,"column":2},"end":{"line":47,"column":null}},"type":"if","locations":[{"start":{"line":40,"column":2},"end":{"line":47,"column":null}}]},"8":{"loc":{"start":{"line":44,"column":4},"end":{"line":46,"column":null}},"type":"if","locations":[{"start":{"line":44,"column":4},"end":{"line":46,"column":null}}]},"9":{"loc":{"start":{"line":54,"column":2},"end":{"line":91,"column":null}},"type":"if","locations":[{"start":{"line":54,"column":2},"end":{"line":91,"column":null}}]},"10":{"loc":{"start":{"line":60,"column":6},"end":{"line":70,"column":null}},"type":"if","locations":[{"start":{"line":60,"column":6},"end":{"line":70,"column":null}},{"start":{"line":68,"column":13},"end":{"line":70,"column":null}}]},"11":{"loc":{"start":{"line":62,"column":8},"end":{"line":67,"column":null}},"type":"if","locations":[{"start":{"line":62,"column":8},"end":{"line":67,"column":null}},{"start":{"line":64,"column":15},"end":{"line":67,"column":null}}]},"12":{"loc":{"start":{"line":81,"column":6},"end":{"line":81,"column":60}},"type":"binary-expr","locations":[{"start":{"line":81,"column":6},"end":{"line":81,"column":29}},{"start":{"line":81,"column":33},"end":{"line":81,"column":60}}]},"13":{"loc":{"start":{"line":83,"column":4},"end":{"line":90,"column":null}},"type":"if","locations":[{"start":{"line":83,"column":4},"end":{"line":90,"column":null}}]},"14":{"loc":{"start":{"line":85,"column":18},"end":{"line":85,"column":69}},"type":"cond-expr","locations":[{"start":{"line":85,"column":44},"end":{"line":85,"column":53}},{"start":{"line":85,"column":56},"end":{"line":85,"column":69}}]},"15":{"loc":{"start":{"line":114,"column":20},"end":{"line":114,"column":40}},"type":"cond-expr","locations":[{"start":{"line":114,"column":35},"end":{"line":114,"column":39}},{"start":{"line":114,"column":39},"end":{"line":114,"column":40}}]},"16":{"loc":{"start":{"line":114,"column":20},"end":{"line":114,"column":39}},"type":"binary-expr","locations":[{"start":{"line":114,"column":20},"end":{"line":114,"column":39}},{"start":{"line":114,"column":35},"end":{"line":114,"column":39}}]},"17":{"loc":{"start":{"line":117,"column":23},"end":{"line":117,"column":81}},"type":"cond-expr","locations":[{"start":{"line":117,"column":40},"end":{"line":117,"column":77}},{"start":{"line":117,"column":80},"end":{"line":117,"column":81}}]},"18":{"loc":{"start":{"line":118,"column":19},"end":{"line":118,"column":34}},"type":"cond-expr","locations":[{"start":{"line":118,"column":26},"end":{"line":118,"column":30}},{"start":{"line":118,"column":30},"end":{"line":118,"column":34}}]},"19":{"loc":{"start":{"line":118,"column":19},"end":{"line":118,"column":30}},"type":"binary-expr","locations":[{"start":{"line":118,"column":19},"end":{"line":118,"column":30}},{"start":{"line":118,"column":26},"end":{"line":118,"column":30}}]},"20":{"loc":{"start":{"line":119,"column":18},"end":{"line":119,"column":47}},"type":"cond-expr","locations":[{"start":{"line":119,"column":39},"end":{"line":119,"column":43}},{"start":{"line":119,"column":43},"end":{"line":119,"column":47}}]},"21":{"loc":{"start":{"line":119,"column":18},"end":{"line":119,"column":43}},"type":"binary-expr","locations":[{"start":{"line":119,"column":18},"end":{"line":119,"column":43}},{"start":{"line":119,"column":39},"end":{"line":119,"column":43}}]},"22":{"loc":{"start":{"line":122,"column":2},"end":{"line":129,"column":null}},"type":"if","locations":[{"start":{"line":122,"column":2},"end":{"line":129,"column":null}}]},"23":{"loc":{"start":{"line":126,"column":4},"end":{"line":128,"column":null}},"type":"if","locations":[{"start":{"line":126,"column":4},"end":{"line":128,"column":null}}]},"24":{"loc":{"start":{"line":135,"column":2},"end":{"line":162,"column":null}},"type":"if","locations":[{"start":{"line":135,"column":2},"end":{"line":162,"column":null}}]},"25":{"loc":{"start":{"line":140,"column":6},"end":{"line":145,"column":null}},"type":"if","locations":[{"start":{"line":140,"column":6},"end":{"line":145,"column":null}},{"start":{"line":143,"column":13},"end":{"line":145,"column":null}}]},"26":{"loc":{"start":{"line":142,"column":17},"end":{"line":142,"column":44}},"type":"cond-expr","locations":[{"start":{"line":142,"column":30},"end":{"line":142,"column":40}},{"start":{"line":142,"column":43},"end":{"line":142,"column":44}}]},"27":{"loc":{"start":{"line":154,"column":4},"end":{"line":161,"column":null}},"type":"if","locations":[{"start":{"line":154,"column":4},"end":{"line":161,"column":null}}]},"28":{"loc":{"start":{"line":154,"column":8},"end":{"line":154,"column":62}},"type":"binary-expr","locations":[{"start":{"line":154,"column":8},"end":{"line":154,"column":31}},{"start":{"line":154,"column":35},"end":{"line":154,"column":62}}]},"29":{"loc":{"start":{"line":156,"column":18},"end":{"line":156,"column":69}},"type":"cond-expr","locations":[{"start":{"line":156,"column":44},"end":{"line":156,"column":53}},{"start":{"line":156,"column":56},"end":{"line":156,"column":69}}]},"30":{"loc":{"start":{"line":176,"column":14},"end":{"line":176,"column":67}},"type":"cond-expr","locations":[{"start":{"line":176,"column":32},"end":{"line":176,"column":63}},{"start":{"line":176,"column":66},"end":{"line":176,"column":67}}]}},"s":{"0":2,"1":2,"2":7,"3":4,"4":4,"5":4,"6":4,"7":4,"8":2,"9":4,"10":4,"11":4,"12":4,"13":4,"14":2,"15":2,"16":2,"17":2,"18":2,"19":4,"20":4,"21":4,"22":4,"23":2,"24":2,"25":2,"26":2,"27":2,"28":0,"29":0,"30":0,"31":0,"32":0,"33":2,"34":2,"35":2,"36":2,"37":2,"38":2,"39":2,"40":2,"41":2,"42":2,"43":2,"44":2,"45":2,"46":2,"47":4,"48":2,"49":3,"50":3,"51":3,"52":3,"53":11,"54":3,"55":3,"56":3,"57":3,"58":3,"59":3,"60":3,"61":3,"62":3,"63":3,"64":3,"65":3,"66":3,"67":3,"68":3,"69":3,"70":3,"71":11,"72":11,"73":8,"74":8,"75":3,"76":11,"77":11,"78":3,"79":3,"80":3,"81":3,"82":3,"83":2,"84":2,"85":2,"86":5,"87":5,"88":3,"89":2,"90":2,"91":2,"92":2,"93":12,"94":2,"95":2,"96":2,"97":3,"98":2,"99":2},"f":{"0":7,"1":4,"2":3,"3":2,"4":12,"5":2},"b":{"0":[2,0],"1":[2,2],"2":[2,2],"3":[2,2],"4":[4,4],"5":[2,2],"6":[4,4],"7":[2],"8":[2],"9":[2],"10":[0,2],"11":[0,0],"12":[2,0],"13":[2],"14":[2,0],"15":[11,0],"16":[11,11],"17":[3,0],"18":[3,0],"19":[3,3],"20":[3,0],"21":[3,3],"22":[3],"23":[3],"24":[3],"25":[8,3],"26":[6,2],"27":[2],"28":[3,2],"29":[1,1],"30":[2,0]}}
,"/Users/zavanton/Desktop/revisor-obsidian-plugin/src/repeat/stats/aggregate.ts": {"path":"/Users/zavanton/Desktop/revisor-obsidian-plugin/src/repeat/stats/aggregate.ts","statementMap":{"0":{"start":{"line":1,"column":0},"end":{"line":1,"column":33}},"1":{"start":{"line":3,"column":0},"end":{"line":3,"column":51}},"2":{"start":{"line":4,"column":0},"end":{"line":4,"column":43}},"3":{"start":{"line":22,"column":16},"end":{"line":22,"column":52}},"4":{"start":{"line":23,"column":22},"end":{"line":23,"column":52}},"5":{"start":{"line":23,"column":38},"end":{"line":23,"column":51}},"6":{"start":{"line":25,"column":16},"end":{"line":25,"column":34}},"7":{"start":{"line":26,"column":22},"end":{"line":26,"column":77}},"8":{"start":{"line":26,"column":51},"end":{"line":26,"column":75}},"9":{"start":{"line":27,"column":18},"end":{"line":27,"column":69}},"10":{"start":{"line":27,"column":42},"end":{"line":27,"column":61}},"11":{"start":{"line":28,"column":23},"end":{"line":28,"column":82}},"12":{"start":{"line":30,"column":23},"end":{"line":30,"column":67}},"13":{"start":{"line":30,"column":47},"end":{"line":30,"column":66}},"14":{"start":{"line":31,"column":24},"end":{"line":31,"column":76}},"15":{"start":{"line":31,"column":49},"end":{"line":31,"column":68}},"16":{"start":{"line":32,"column":24},"end":{"line":34,"column":7}},"17":{"start":{"line":36,"column":2},"end":{"line":43,"column":4}},"18":{"start":{"line":38,"column":35},"end":{"line":38,"column":53}},"19":{"start":{"line":39,"column":37},"end":{"line":39,"column":57}},"20":{"start":{"line":40,"column":35},"end":{"line":40,"column":53}},"21":{"start":{"line":21,"column":0},"end":{"line":21,"column":16}},"22":{"start":{"line":60,"column":28},"end":{"line":63,"column":4}},"23":{"start":{"line":64,"column":2},"end":{"line":74,"column":null}},"24":{"start":{"line":65,"column":4},"end":{"line":73,"column":null}},"25":{"start":{"line":65,"column":21},"end":{"line":65,"column":35}},"26":{"start":{"line":66,"column":9},"end":{"line":73,"column":null}},"27":{"start":{"line":66,"column":23},"end":{"line":66,"column":34}},"28":{"start":{"line":67,"column":9},"end":{"line":73,"column":null}},"29":{"start":{"line":67,"column":32},"end":{"line":67,"column":45}},"30":{"start":{"line":68,"column":9},"end":{"line":73,"column":null}},"31":{"start":{"line":68,"column":37},"end":{"line":68,"column":50}},"32":{"start":{"line":69,"column":9},"end":{"line":73,"column":null}},"33":{"start":{"line":69,"column":39},"end":{"line":69,"column":54}},"34":{"start":{"line":70,"column":9},"end":{"line":73,"column":null}},"35":{"start":{"line":71,"column":6},"end":{"line":72,"column":22}},"36":{"start":{"line":71,"column":32},"end":{"line":71,"column":42}},"37":{"start":{"line":72,"column":11},"end":{"line":72,"column":22}},"38":{"start":{"line":75,"column":2},"end":{"line":75,"column":11}},"39":{"start":{"line":59,"column":0},"end":{"line":59,"column":16}},"40":{"start":{"line":88,"column":14},"end":{"line":88,"column":28}},"41":{"start":{"line":89,"column":19},"end":{"line":89,"column":44}},"42":{"start":{"line":90,"column":18},"end":{"line":90,"column":19}},"43":{"start":{"line":92,"column":2},"end":{"line":98,"column":null}},"44":{"start":{"line":93,"column":4},"end":{"line":93,"column":51}},"45":{"start":{"line":93,"column":42},"end":{"line":93,"column":51}},"46":{"start":{"line":94,"column":19},"end":{"line":94,"column":76}},"47":{"start":{"line":95,"column":4},"end":{"line":95,"column":48}},"48":{"start":{"line":95,"column":39},"end":{"line":95,"column":48}},"49":{"start":{"line":96,"column":4},"end":{"line":96,"column":58}},"50":{"start":{"line":97,"column":4},"end":{"line":97,"column":50}},"51":{"start":{"line":100,"column":17},"end":{"line":100,"column":18}},"52":{"start":{"line":101,"column":2},"end":{"line":101,"column":51}},"53":{"start":{"line":101,"column":37},"end":{"line":101,"column":51}},"54":{"start":{"line":103,"column":2},"end":{"line":103,"column":111}},"55":{"start":{"line":87,"column":0},"end":{"line":87,"column":16}}},"fnMap":{"0":{"name":"aggregateToday","decl":{"start":{"line":21,"column":16},"end":{"line":21,"column":30}},"loc":{"start":{"line":21,"column":66},"end":{"line":44,"column":1}}},"1":{"name":"(anonymous_1)","decl":{"start":{"line":23,"column":33},"end":{"line":23,"column":34}},"loc":{"start":{"line":23,"column":38},"end":{"line":23,"column":51}}},"2":{"name":"(anonymous_2)","decl":{"start":{"line":26,"column":41},"end":{"line":26,"column":42}},"loc":{"start":{"line":26,"column":50},"end":{"line":26,"column":75}}},"3":{"name":"(anonymous_3)","decl":{"start":{"line":27,"column":37},"end":{"line":27,"column":38}},"loc":{"start":{"line":27,"column":42},"end":{"line":27,"column":61}}},"4":{"name":"(anonymous_4)","decl":{"start":{"line":30,"column":42},"end":{"line":30,"column":43}},"loc":{"start":{"line":30,"column":47},"end":{"line":30,"column":66}}},"5":{"name":"(anonymous_5)","decl":{"start":{"line":31,"column":44},"end":{"line":31,"column":45}},"loc":{"start":{"line":31,"column":49},"end":{"line":31,"column":68}}},"6":{"name":"(anonymous_6)","decl":{"start":{"line":38,"column":30},"end":{"line":38,"column":31}},"loc":{"start":{"line":38,"column":35},"end":{"line":38,"column":53}}},"7":{"name":"(anonymous_7)","decl":{"start":{"line":39,"column":32},"end":{"line":39,"column":33}},"loc":{"start":{"line":39,"column":37},"end":{"line":39,"column":57}}},"8":{"name":"(anonymous_8)","decl":{"start":{"line":40,"column":30},"end":{"line":40,"column":31}},"loc":{"start":{"line":40,"column":35},"end":{"line":40,"column":53}}},"9":{"name":"aggregateCardCounts","decl":{"start":{"line":59,"column":16},"end":{"line":59,"column":35}},"loc":{"start":{"line":59,"column":57},"end":{"line":76,"column":1}}},"10":{"name":"aggregateFutureDue","decl":{"start":{"line":87,"column":16},"end":{"line":87,"column":34}},"loc":{"start":{"line":87,"column":56},"end":{"line":104,"column":1}}}},"branchMap":{"0":{"loc":{"start":{"line":26,"column":56},"end":{"line":26,"column":72}},"type":"cond-expr","locations":[{"start":{"line":26,"column":67},"end":{"line":26,"column":71}},{"start":{"line":26,"column":71},"end":{"line":26,"column":72}}]},"1":{"loc":{"start":{"line":26,"column":56},"end":{"line":26,"column":71}},"type":"binary-expr","locations":[{"start":{"line":26,"column":56},"end":{"line":26,"column":71}},{"start":{"line":26,"column":67},"end":{"line":26,"column":71}}]},"2":{"loc":{"start":{"line":28,"column":23},"end":{"line":28,"column":82}},"type":"cond-expr","locations":[{"start":{"line":28,"column":35},"end":{"line":28,"column":78}},{"start":{"line":28,"column":81},"end":{"line":28,"column":82}}]},"3":{"loc":{"start":{"line":32,"column":24},"end":{"line":34,"column":7}},"type":"cond-expr","locations":[{"start":{"line":33,"column":6},"end":{"line":33,"column":59}},{"start":{"line":34,"column":6},"end":{"line":34,"column":7}}]},"4":{"loc":{"start":{"line":65,"column":4},"end":{"line":73,"column":null}},"type":"if","locations":[{"start":{"line":65,"column":4},"end":{"line":73,"column":null}},{"start":{"line":66,"column":9},"end":{"line":73,"column":null}}]},"5":{"loc":{"start":{"line":66,"column":9},"end":{"line":73,"column":null}},"type":"if","locations":[{"start":{"line":66,"column":9},"end":{"line":73,"column":null}},{"start":{"line":67,"column":9},"end":{"line":73,"column":null}}]},"6":{"loc":{"start":{"line":67,"column":9},"end":{"line":73,"column":null}},"type":"if","locations":[{"start":{"line":67,"column":9},"end":{"line":73,"column":null}},{"start":{"line":68,"column":9},"end":{"line":73,"column":null}}]},"7":{"loc":{"start":{"line":68,"column":9},"end":{"line":73,"column":null}},"type":"if","locations":[{"start":{"line":68,"column":9},"end":{"line":73,"column":null}},{"start":{"line":69,"column":9},"end":{"line":73,"column":null}}]},"8":{"loc":{"start":{"line":69,"column":9},"end":{"line":73,"column":null}},"type":"if","locations":[{"start":{"line":69,"column":9},"end":{"line":73,"column":null}},{"start":{"line":70,"column":9},"end":{"line":73,"column":null}}]},"9":{"loc":{"start":{"line":70,"column":9},"end":{"line":73,"column":null}},"type":"if","locations":[{"start":{"line":70,"column":9},"end":{"line":73,"column":null}}]},"10":{"loc":{"start":{"line":71,"column":6},"end":{"line":72,"column":22}},"type":"if","locations":[{"start":{"line":71,"column":6},"end":{"line":72,"column":22}},{"start":{"line":72,"column":11},"end":{"line":72,"column":22}}]},"11":{"loc":{"start":{"line":93,"column":4},"end":{"line":93,"column":51}},"type":"if","locations":[{"start":{"line":93,"column":4},"end":{"line":93,"column":51}}]},"12":{"loc":{"start":{"line":93,"column":8},"end":{"line":93,"column":40}},"type":"binary-expr","locations":[{"start":{"line":93,"column":8},"end":{"line":93,"column":25}},{"start":{"line":93,"column":29},"end":{"line":93,"column":40}}]},"13":{"loc":{"start":{"line":95,"column":4},"end":{"line":95,"column":48}},"type":"if","locations":[{"start":{"line":95,"column":4},"end":{"line":95,"column":48}}]},"14":{"loc":{"start":{"line":95,"column":8},"end":{"line":95,"column":37}},"type":"binary-expr","locations":[{"start":{"line":95,"column":8},"end":{"line":95,"column":20}},{"start":{"line":95,"column":24},"end":{"line":95,"column":37}}]},"15":{"loc":{"start":{"line":96,"column":26},"end":{"line":96,"column":51}},"type":"cond-expr","locations":[{"start":{"line":96,"column":46},"end":{"line":96,"column":50}},{"start":{"line":96,"column":50},"end":{"line":96,"column":51}}]},"16":{"loc":{"start":{"line":96,"column":26},"end":{"line":96,"column":50}},"type":"binary-expr","locations":[{"start":{"line":96,"column":26},"end":{"line":96,"column":50}},{"start":{"line":96,"column":46},"end":{"line":96,"column":50}}]},"17":{"loc":{"start":{"line":103,"column":44},"end":{"line":103,"column":64}},"type":"cond-expr","locations":[{"start":{"line":103,"column":59},"end":{"line":103,"column":63}},{"start":{"line":103,"column":63},"end":{"line":103,"column":64}}]},"18":{"loc":{"start":{"line":103,"column":44},"end":{"line":103,"column":63}},"type":"binary-expr","locations":[{"start":{"line":103,"column":44},"end":{"line":103,"column":63}},{"start":{"line":103,"column":59},"end":{"line":103,"column":63}}]}},"s":{"0":1,"1":1,"2":1,"3":2,"4":2,"5":1,"6":2,"7":2,"8":1,"9":2,"10":1,"11":2,"12":2,"13":1,"14":2,"15":0,"16":2,"17":2,"18":1,"19":1,"20":1,"21":1,"22":2,"23":2,"24":3,"25":0,"26":3,"27":0,"28":3,"29":1,"30":2,"31":0,"32":2,"33":0,"34":2,"35":2,"36":1,"37":1,"38":2,"39":1,"40":2,"41":2,"42":2,"43":2,"44":3,"45":1,"46":2,"47":2,"48":0,"49":2,"50":2,"51":2,"52":2,"53":1,"54":2,"55":1},"f":{"0":2,"1":1,"2":1,"3":1,"4":1,"5":0,"6":1,"7":1,"8":1,"9":2,"10":2},"b":{"0":[0,1],"1":[1,1],"2":[1,1],"3":[0,2],"4":[0,3],"5":[0,3],"6":[1,2],"7":[0,2],"8":[0,2],"9":[2],"10":[1,1],"11":[1],"12":[3,2],"13":[0],"14":[2,2],"15":[1,1],"16":[2,2],"17":[1,1],"18":[2,2]}}
,"/Users/zavanton/Desktop/revisor-obsidian-plugin/src/repeat/stats/periods.ts": {"path":"/Users/zavanton/Desktop/revisor-obsidian-plugin/src/repeat/stats/periods.ts","statementMap":{"0":{"start":{"line":1,"column":0},"end":{"line":1,"column":33}},"1":{"start":{"line":2,"column":0},"end":{"line":2,"column":45}},"2":{"start":{"line":9,"column":19},"end":{"line":9,"column":51}},"3":{"start":{"line":10,"column":2},"end":{"line":10,"column":47}},"4":{"start":{"line":4,"column":0},"end":{"line":4,"column":16}}},"fnMap":{"0":{"name":"periodCutoffMs","decl":{"start":{"line":4,"column":16},"end":{"line":4,"column":30}},"loc":{"start":{"line":7,"column":32},"end":{"line":11,"column":1}}}},"branchMap":{"0":{"loc":{"start":{"line":7,"column":2},"end":{"line":7,"column":32}},"type":"default-arg","locations":[{"start":{"line":7,"column":18},"end":{"line":7,"column":32}}]}},"s":{"0":1,"1":1,"2":2,"3":2,"4":1},"f":{"0":2},"b":{"0":[2]}}
}
