TN:
SF:src/frontmatter.ts
FN:32,determineFrontmatterBounds
FN:75,determineInlineFieldBounds
FN:96,replaceOrInsertField
FN:118,removeField
FN:140,updateRepetitionMetadata
FNF:5
FNH:5
FNDA:11,determineFrontmatterBounds
FNDA:20,determineInlineFieldBounds
FNDA:7,replaceOrInsertField
FNDA:6,removeField
FNDA:2,updateRepetitionMetadata
DA:32,8
DA:38,11
DA:42,11
DA:44,11
DA:46,11
DA:47,2
DA:51,9
DA:52,9
DA:53,0
DA:57,9
DA:58,9
DA:59,9
DA:60,2
DA:63,7
DA:64,7
DA:65,7
DA:75,8
DA:76,20
DA:79,20
DA:80,16
DA:82,20
DA:83,7
DA:85,13
DA:96,8
DA:97,7
DA:98,7
DA:99,4
DA:101,7
DA:102,7
DA:103,7
DA:118,8
DA:119,6
DA:120,6
DA:121,2
DA:123,4
DA:125,4
DA:127,4
DA:140,8
DA:144,2
DA:145,2
DA:146,2
DA:148,1
DA:149,1
DA:153,1
DA:154,1
DA:155,0
DA:158,2
DA:159,2
DA:160,5
DA:161,1
DA:163,4
DA:166,2
LF:52
LH:50
BRDA:34,0,0,10
BRDA:46,1,0,2
BRDA:46,2,0,2
BRDA:46,2,1,9
BRDA:46,3,0,11
BRDA:46,3,1,9
BRDA:52,4,0,0
BRDA:59,5,0,2
BRDA:63,6,0,1
BRDA:63,6,1,6
BRDA:64,7,0,1
BRDA:64,7,1,6
BRDA:82,8,0,7
BRDA:98,9,0,4
BRDA:106,10,0,7
BRDA:106,10,1,4
BRDA:120,11,0,2
BRDA:120,12,0,2
BRDA:120,12,1,4
BRDA:120,13,0,6
BRDA:120,13,1,4
BRDA:125,14,0,4
BRDA:125,14,1,4
BRDA:129,15,0,4
BRDA:129,15,1,0
BRDA:146,16,0,1
BRDA:154,17,0,0
BRDA:160,18,0,1
BRDA:160,18,1,4
BRF:29
BRH:26
end_of_record
TN:
SF:src/settings.ts
FNF:0
FNH:0
DA:28,7
DA:48,7
LF:2
LH:2
BRF:0
BRH:0
end_of_record
TN:
SF:src/utils.ts
FN:7,uniqByField
FN:8,(anonymous_1)
FNF:2
FNH:2
FNDA:2,uniqByField
FNDA:7,(anonymous_1)
DA:7,1
DA:8,2
DA:9,7
DA:10,7
DA:11,7
LF:5
LH:5
BRDA:9,0,0,2
BRDA:9,0,1,5
BRDA:10,1,0,4
BRF:3
BRH:3
end_of_record
TN:
SF:src/repeat/activity.ts
FN:5,parseTime
FN:13,activityDayKey
FN:27,activityDayKeyMs
FN:31,dayIndex
FN:55,ratingToNumber
FN:61,classifyKind
FN:71,isCorrect
FN:77,dailyCountsFromLog
FN:89,dailyCountsByKindFromLog
FN:94,(anonymous_9)
FN:106,migrateLegacyActivity
FNF:11
FNH:11
FNDA:25,parseTime
FNDA:25,activityDayKey
FNDA:16,activityDayKeyMs
FNDA:3,dayIndex
FNDA:4,ratingToNumber
FNDA:15,classifyKind
FNDA:5,isCorrect
FNDA:6,dailyCountsFromLog
FNDA:1,dailyCountsByKindFromLog
FNDA:2,(anonymous_9)
FNDA:1,migrateLegacyActivity
DA:1,4
DA:6,25
DA:7,25
DA:13,4
DA:14,25
DA:15,25
DA:21,25
DA:22,3
DA:24,25
DA:27,4
DA:28,16
DA:31,4
DA:32,3
DA:33,3
DA:34,3
DA:35,3
DA:36,3
DA:37,3
DA:55,4
DA:56,4
DA:57,4
DA:58,2
DA:61,4
DA:62,15
DA:63,15
DA:64,14
DA:65,13
DA:66,12
DA:67,11
DA:68,11
DA:71,4
DA:72,5
DA:77,4
DA:81,6
DA:82,6
DA:83,9
DA:84,9
DA:86,6
DA:89,4
DA:93,1
DA:94,2
DA:95,1
DA:96,3
DA:97,3
DA:98,3
DA:99,3
DA:101,1
DA:106,4
DA:110,1
DA:111,1
DA:112,1
DA:115,1
DA:116,1
DA:118,1
DA:119,2
DA:122,1
LF:56
LH:56
BRDA:21,0,0,3
BRDA:57,1,0,2
BRDA:57,2,0,4
BRDA:57,2,1,3
BRDA:62,3,0,1
BRDA:62,3,1,14
BRDA:62,4,0,15
BRDA:62,4,1,15
BRDA:63,5,0,1
BRDA:64,6,0,1
BRDA:65,7,0,1
BRDA:66,8,0,1
BRDA:67,9,0,11
BRDA:67,9,1,0
BRDA:67,10,0,11
BRDA:67,10,1,11
BRDA:67,11,0,0
BRDA:67,11,1,11
BRDA:67,12,0,11
BRDA:67,12,1,11
BRDA:68,13,0,1
BRDA:68,13,1,10
BRDA:84,14,0,4
BRDA:84,14,1,5
BRDA:84,15,0,9
BRDA:84,15,1,9
BRDA:97,16,0,1
BRDA:97,16,1,2
BRDA:97,17,0,3
BRDA:97,17,1,3
BRDA:115,18,0,2
BRDA:115,18,1,0
BRDA:115,19,0,2
BRDA:115,19,1,2
BRDA:118,20,0,3
BRDA:118,20,1,0
BRDA:118,21,0,3
BRDA:118,21,1,3
BRF:38
BRH:34
end_of_record
TN:
SF:src/repeat/choices.ts
FN:27,getFsrsRepeatChoices
FN:43,(anonymous_1)
FN:60,getRepeatChoices
FN:77,getRepeatChoiceForRating
FN:84,(anonymous_4)
FNF:5
FNH:5
FNDA:5,getFsrsRepeatChoices
FNDA:16,(anonymous_1)
FNDA:5,getRepeatChoices
FNDA:1,getRepeatChoiceForRating
FNDA:3,(anonymous_4)
DA:1,2
DA:2,2
DA:4,2
DA:7,2
DA:13,2
DA:21,2
DA:33,5
DA:34,5
DA:35,1
DA:38,4
DA:39,4
DA:40,4
DA:41,4
DA:43,4
DA:44,16
DA:45,16
DA:51,16
DA:60,2
DA:65,5
DA:66,0
DA:68,5
DA:69,5
DA:77,2
DA:83,1
DA:84,3
LF:25
LH:24
BRDA:31,0,0,0
BRDA:34,1,0,1
BRDA:34,2,0,5
BRDA:34,2,1,4
BRDA:34,2,2,3
BRDA:65,3,0,0
BRDA:73,4,0,4
BRDA:73,4,1,1
BRDA:73,5,0,5
BRDA:73,5,1,5
BRF:10
BRH:8
end_of_record
TN:
SF:src/repeat/dailyStats.ts
FN:24,isLegacyDailyReviewStats
FN:35,getReviewDayStart
FN:52,getReviewDayStartMs
FN:59,normalizeDailyStats
FN:77,resolveDailyStats
FN:96,getRemainingDailyLimits
FN:117,canReviewNewCard
FN:121,canReviewReviewCard
FN:125,isWithinDailyLimits
FN:141,shouldCountTowardDailyStats
FN:145,incrementDailyStats
FN:158,decrementDailyStats
FN:177,hasActiveDailyLimits
FN:181,formatDailyLimitMessage
FNF:14
FNH:14
FNDA:1,isLegacyDailyReviewStats
FNDA:7,getReviewDayStart
FNDA:2,getReviewDayStartMs
FNDA:2,normalizeDailyStats
FNDA:2,resolveDailyStats
FNDA:3,getRemainingDailyLimits
FNDA:3,canReviewNewCard
FNDA:2,canReviewReviewCard
FNDA:3,isWithinDailyLimits
FNDA:9,shouldCountTowardDailyStats
FNDA:3,incrementDailyStats
FNDA:4,decrementDailyStats
FNDA:2,hasActiveDailyLimits
FNDA:1,formatDailyLimitMessage
DA:1,1
DA:3,1
DA:4,1
DA:27,1
DA:35,1
DA:39,7
DA:40,7
DA:46,7
DA:47,1
DA:49,7
DA:52,1
DA:56,2
DA:59,1
DA:64,2
DA:65,2
DA:67,2
DA:68,1
DA:74,1
DA:80,2
DA:81,0
DA:83,2
DA:84,1
DA:86,1
DA:87,1
DA:93,0
DA:96,1
DA:100,3
DA:103,3
DA:107,3
DA:108,2
DA:110,3
DA:111,2
DA:114,3
DA:117,1
DA:118,3
DA:121,1
DA:122,2
DA:125,1
DA:129,3
DA:130,1
DA:132,2
DA:133,1
DA:135,1
DA:136,1
DA:138,0
DA:141,1
DA:142,9
DA:145,1
DA:149,3
DA:150,1
DA:152,2
DA:153,1
DA:155,1
DA:158,1
DA:162,4
DA:163,1
DA:165,3
DA:166,1
DA:171,2
DA:177,1
DA:178,2
DA:181,1
DA:185,1
DA:186,1
DA:188,1
DA:189,1
DA:190,1
DA:192,1
DA:193,1
DA:194,1
DA:197,1
LF:71
LH:68
BRDA:27,0,0,1
BRDA:27,0,1,1
BRDA:46,1,0,1
BRDA:62,2,0,0
BRDA:67,3,0,1
BRDA:67,4,0,2
BRDA:67,4,1,2
BRDA:80,5,0,0
BRDA:83,6,0,1
BRDA:83,7,0,2
BRDA:83,7,1,1
BRDA:86,8,0,1
BRDA:100,9,0,1
BRDA:100,9,1,2
BRDA:103,10,0,1
BRDA:103,10,1,2
BRDA:107,11,0,2
BRDA:110,12,0,2
BRDA:110,13,0,3
BRDA:110,13,1,2
BRDA:118,14,0,3
BRDA:118,14,1,2
BRDA:122,15,0,2
BRDA:122,15,1,1
BRDA:129,16,0,1
BRDA:132,17,0,1
BRDA:135,18,0,1
BRDA:142,19,0,9
BRDA:142,19,1,7
BRDA:149,20,0,1
BRDA:152,21,0,1
BRDA:162,22,0,1
BRDA:165,23,0,1
BRDA:178,24,0,2
BRDA:178,24,1,1
BRDA:188,25,0,1
BRDA:189,26,0,1
BRDA:189,26,1,0
BRDA:189,27,0,1
BRDA:189,27,1,1
BRDA:192,28,0,1
BRDA:193,29,0,1
BRDA:193,29,1,0
BRDA:193,30,0,1
BRDA:193,30,1,1
BRF:45
BRH:41
end_of_record
TN:
SF:src/repeat/fsrs.ts
FN:17,parseLearningSteps
FN:18,(anonymous_1)
FN:21,buildScheduler
FN:36,stateToEnum
FN:49,enumToState
FN:62,cardToFsrsState
FN:77,repetitionToFsrsCard
FN:96,snapDueAtToReviewTime
FN:112,fsrsCardToRepetition
FN:129,createInitialFsrsRepetition
FNF:10
FNH:10
FNDA:12,parseLearningSteps
FNDA:21,(anonymous_1)
FNDA:5,buildScheduler
FNDA:5,stateToEnum
FNDA:27,enumToState
FNDA:26,cardToFsrsState
FNDA:6,repetitionToFsrsCard
FNDA:19,snapDueAtToReviewTime
FNDA:17,fsrsCardToRepetition
FNDA:8,createInitialFsrsRepetition
DA:1,3
DA:9,3
DA:12,3
DA:15,3
DA:17,3
DA:18,21
DA:21,3
DA:22,5
DA:30,5
DA:31,0
DA:33,5
DA:37,5
DA:39,0
DA:41,0
DA:43,0
DA:45,5
DA:49,3
DA:50,27
DA:52,13
DA:54,6
DA:56,0
DA:58,8
DA:62,3
DA:63,26
DA:77,3
DA:78,6
DA:79,1
DA:81,5
DA:82,5
DA:96,3
DA:100,19
DA:101,14
DA:103,5
DA:104,5
DA:112,3
DA:118,17
DA:122,17
DA:129,3
DA:133,8
DA:134,8
LF:40
LH:35
BRDA:30,0,0,0
BRDA:30,1,0,5
BRDA:30,1,1,0
BRDA:30,2,0,5
BRDA:30,2,1,0
BRDA:37,3,0,0
BRDA:37,3,1,0
BRDA:37,3,2,0
BRDA:37,3,3,5
BRDA:50,4,0,13
BRDA:50,4,1,6
BRDA:50,4,2,0
BRDA:50,4,3,8
BRDA:71,5,0,18
BRDA:71,5,1,8
BRDA:78,6,0,1
BRDA:92,7,0,5
BRDA:92,7,1,0
BRDA:92,8,0,5
BRDA:92,8,1,5
BRDA:100,9,0,14
BRDA:131,10,0,6
BRF:22
BRH:14
end_of_record
TN:
SF:src/repeat/parsers.ts
FN:17,isFsrsRepeat
FN:21,isRepeatDisabled
FN:26,isRevisorNote
FN:48,parseRepeatDueAt
FN:62,parseFsrsStateName
FN:70,parseFsrsNumber
FN:75,parseFsrsBlock
FN:112,parseFsrsFromFrontmatter
FN:145,parseBooleanField
FN:155,parseBuriedUntil
FN:171,parseRepetition
FN:191,parseRepetitionFromMarkdown
FN:202,parseTime
FNF:13
FNH:13
FNDA:5,isFsrsRepeat
FNDA:6,isRepeatDisabled
FNDA:69,isRevisorNote
FNDA:55,parseRepeatDueAt
FNDA:41,parseFsrsStateName
FNDA:246,parseFsrsNumber
FNDA:41,parseFsrsBlock
FNDA:57,parseFsrsFromFrontmatter
FNDA:60,parseBooleanField
FNDA:55,parseBuriedUntil
FNDA:64,parseRepetition
FNDA:2,parseRepetitionFromMarkdown
FNDA:16,parseTime
DA:1,7
DA:2,7
DA:4,7
DA:11,7
DA:13,7
DA:17,7
DA:18,5
DA:21,7
DA:22,6
DA:23,6
DA:26,7
DA:27,69
DA:28,69
DA:29,3
DA:30,1
DA:32,2
DA:33,1
DA:36,67
DA:37,42
DA:39,25
DA:40,16
DA:42,9
DA:43,0
DA:45,9
DA:48,7
DA:52,55
DA:53,55
DA:55,55
DA:56,54
DA:59,1
DA:63,41
DA:64,41
DA:65,41
DA:67,0
DA:71,246
DA:72,246
DA:76,41
DA:77,0
DA:80,41
DA:81,4
DA:82,4
DA:84,1
DA:86,37
DA:87,37
DA:89,0
DA:91,40
DA:93,40
DA:94,2
DA:96,2
DA:97,2
DA:100,40
DA:112,7
DA:115,57
DA:116,1
DA:118,56
DA:119,41
DA:121,15
DA:122,1
DA:124,1
DA:125,1
DA:127,1
DA:128,1
DA:131,1
DA:142,14
DA:145,7
DA:146,60
DA:147,9
DA:149,51
DA:150,4
DA:152,47
DA:159,55
DA:160,55
DA:161,46
DA:163,9
DA:165,9
DA:166,1
DA:168,8
DA:171,7
DA:175,64
DA:176,9
DA:178,55
DA:179,55
DA:191,7
DA:194,2
DA:195,2
DA:196,1
DA:198,1
DA:199,1
DA:202,7
DA:203,16
DA:204,16
LF:91
LH:87
BRDA:28,0,0,3
BRDA:29,1,0,1
BRDA:32,2,0,1
BRDA:32,3,0,2
BRDA:32,3,1,2
BRDA:36,4,0,42
BRDA:39,5,0,16
BRDA:42,6,0,0
BRDA:42,7,0,9
BRDA:42,7,1,0
BRDA:52,8,0,55
BRDA:55,9,0,54
BRDA:64,10,0,41
BRDA:70,11,0,246
BRDA:72,12,0,58
BRDA:72,12,1,188
BRDA:76,13,0,0
BRDA:80,14,0,4
BRDA:80,14,1,37
BRDA:86,15,0,37
BRDA:86,15,1,0
BRDA:93,16,0,2
BRDA:96,17,0,2
BRDA:115,18,0,1
BRDA:118,19,0,41
BRDA:121,20,0,1
BRDA:124,21,0,1
BRDA:127,22,0,1
BRDA:146,23,0,9
BRDA:146,24,0,60
BRDA:146,24,1,51
BRDA:149,25,0,4
BRDA:160,26,0,46
BRDA:165,27,0,1
BRDA:165,28,0,9
BRDA:165,28,1,9
BRDA:175,29,0,9
BRDA:178,30,0,55
BRDA:178,30,1,10
BRDA:182,31,0,55
BRDA:182,31,1,0
BRDA:195,32,0,1
BRDA:198,33,0,1
BRDA:198,33,1,0
BRF:44
BRH:38
end_of_record
TN:
SF:src/repeat/queries.ts
FN:20,mutateRevisorPages
FN:28,(anonymous_1)
FN:33,(anonymous_2)
FN:47,getNotesDue
FN:55,(anonymous_4)
FN:56,(anonymous_5)
FN:59,getTrackedNotes
FN:66,(anonymous_7)
FN:72,pickRandomDuePage
FN:82,getNextDueNote
FN:100,getNextDrillNote
FN:118,getQueueStats
FN:132,(anonymous_12)
FN:151,countByEligibility
FN:160,(anonymous_14)
FN:168,getTagsFromPages
FN:175,(anonymous_16)
FN:177,(anonymous_17)
FN:183,(anonymous_18)
FN:184,(anonymous_19)
FN:190,getTagsFromDueNotes
FN:198,getTagsFromTrackedNotes
FNF:22
FNH:21
FNDA:8,mutateRevisorPages
FNDA:49,(anonymous_1)
FNDA:49,(anonymous_2)
FNDA:4,getNotesDue
FNDA:14,(anonymous_4)
FNDA:4,(anonymous_5)
FNDA:2,getTrackedNotes
FNDA:11,(anonymous_7)
FNDA:44,pickRandomDuePage
FNDA:2,getNextDueNote
FNDA:1,getNextDrillNote
FNDA:1,getQueueStats
FNDA:5,(anonymous_12)
FNDA:1,countByEligibility
FNDA:5,(anonymous_14)
FNDA:1,getTagsFromPages
FNDA:2,(anonymous_16)
FNDA:3,(anonymous_17)
FNDA:3,(anonymous_18)
FNDA:2,(anonymous_19)
FNDA:1,getTagsFromDueNotes
FNDA:0,getTagsFromTrackedNotes
DA:1,1
DA:4,1
DA:5,1
DA:26,8
DA:27,8
DA:29,49
DA:30,49
DA:31,49
DA:34,49
DA:35,7
DA:37,42
DA:38,6
DA:40,36
DA:41,1
DA:43,35
DA:47,1
DA:53,4
DA:54,4
DA:55,14
DA:56,4
DA:59,1
DA:65,2
DA:67,11
DA:68,11
DA:72,1
DA:75,44
DA:76,1
DA:78,43
DA:79,43
DA:82,1
DA:88,2
DA:94,2
DA:95,1
DA:97,1
DA:100,1
DA:106,1
DA:112,1
DA:113,0
DA:115,1
DA:118,1
DA:124,1
DA:125,1
DA:131,1
DA:133,5
DA:135,2
DA:136,2
DA:138,1
DA:139,1
DA:141,1
DA:142,1
DA:144,1
DA:145,1
DA:148,1
DA:151,1
DA:157,1
DA:158,1
DA:159,1
DA:161,5
DA:162,1
DA:165,1
DA:171,1
DA:173,1
DA:175,1
DA:176,2
DA:177,2
DA:178,3
DA:182,1
DA:183,3
DA:185,2
DA:186,2
DA:190,1
DA:195,1
DA:198,1
DA:203,0
LF:74
LH:72
BRDA:27,0,0,1
BRDA:27,0,1,7
BRDA:27,1,0,8
BRDA:27,1,1,8
BRDA:27,2,0,7
BRDA:27,2,1,7
BRDA:29,3,0,49
BRDA:29,3,1,0
BRDA:34,4,0,7
BRDA:37,5,0,6
BRDA:37,6,0,42
BRDA:37,6,1,36
BRDA:40,7,0,1
BRDA:40,8,0,36
BRDA:40,8,1,5
BRDA:54,9,0,1
BRDA:54,9,1,3
BRDA:54,10,0,4
BRDA:54,10,1,4
BRDA:65,11,0,0
BRDA:65,11,1,2
BRDA:65,12,0,2
BRDA:65,12,1,2
BRDA:67,13,0,11
BRDA:67,13,1,0
BRDA:75,14,0,1
BRDA:94,15,0,1
BRDA:94,16,0,1
BRDA:94,16,1,1
BRDA:94,17,0,2
BRDA:94,17,1,2
BRDA:112,18,0,0
BRDA:112,19,0,0
BRDA:112,19,1,1
BRDA:112,20,0,1
BRDA:112,20,1,1
BRDA:131,21,0,0
BRDA:131,21,1,1
BRDA:131,22,0,1
BRDA:131,22,1,1
BRDA:133,23,0,2
BRDA:133,23,1,1
BRDA:133,23,2,1
BRDA:133,23,3,1
BRDA:159,24,0,0
BRDA:159,24,1,1
BRDA:159,25,0,1
BRDA:159,25,1,1
BRDA:161,26,0,1
BRDA:171,27,0,0
BRDA:176,28,0,2
BRDA:176,28,1,0
BRDA:176,29,0,0
BRDA:176,29,1,2
BRDA:176,30,0,2
BRDA:176,30,1,2
BRDA:178,31,0,3
BRDA:178,31,1,3
BRDA:185,32,0,0
BRF:59
BRH:48
end_of_record
TN:
SF:src/repeat/queueActions.ts
FN:11,getNextDayRollover
FN:28,baseMetadataFromRepetition
FN:35,buildQueueMetadata
FNF:3
FNH:3
FNDA:3,getNextDayRollover
FNDA:4,baseMetadataFromRepetition
FNDA:5,buildQueueMetadata
DA:1,1
DA:3,1
DA:6,1
DA:7,1
DA:11,1
DA:15,3
DA:16,3
DA:22,3
DA:23,2
DA:25,3
DA:29,4
DA:35,1
DA:41,5
DA:43,1
DA:49,1
DA:54,1
DA:59,1
DA:64,1
DA:65,1
LF:19
LH:19
BRDA:22,0,0,2
BRDA:30,1,0,4
BRDA:30,1,1,0
BRDA:31,2,0,4
BRDA:31,2,1,0
BRDA:39,3,0,0
BRDA:41,4,0,1
BRDA:41,4,1,1
BRDA:41,4,2,1
BRDA:41,4,3,1
BRDA:41,4,4,1
BRDA:56,5,0,1
BRDA:56,5,1,0
BRDA:66,6,0,1
BRDA:66,6,1,0
BRDA:67,7,0,1
BRDA:67,7,1,0
BRF:17
BRH:11
end_of_record
TN:
SF:src/repeat/queueEligibility.ts
FN:5,getQueueEligibility
FN:24,isDueForReview
FN:31,getFsrsState
FN:35,isNewCard
FN:40,isGraduatedReview
FN:45,isIntradayLearning
FNF:6
FNH:6
FNDA:39,getQueueEligibility
FNDA:17,isDueForReview
FNDA:33,getFsrsState
FNDA:19,isNewCard
FNDA:9,isGraduatedReview
FNDA:5,isIntradayLearning
DA:5,4
DA:9,39
DA:10,2
DA:12,37
DA:13,9
DA:15,28
DA:16,7
DA:18,21
DA:19,14
DA:21,7
DA:24,4
DA:28,17
DA:32,33
DA:35,4
DA:36,19
DA:37,19
DA:40,4
DA:41,9
DA:42,9
DA:45,4
DA:46,5
DA:47,5
LF:22
LH:22
BRDA:9,0,0,2
BRDA:12,1,0,9
BRDA:15,2,0,7
BRDA:15,3,0,28
BRDA:15,3,1,8
BRDA:18,4,0,14
BRDA:32,5,0,1
BRDA:32,5,1,32
BRDA:32,6,0,33
BRDA:32,6,1,33
BRDA:37,7,0,19
BRDA:37,7,1,13
BRDA:47,8,0,5
BRDA:47,8,1,3
BRF:14
BRH:14
end_of_record
TN:
SF:src/repeat/serializers.ts
FN:20,roundNumber
FN:25,serializeFsrsState
FN:53,serializeRepetition
FN:67,(anonymous_3)
FN:80,serializeQueueMetadata
FN:89,(anonymous_5)
FNF:6
FNH:6
FNDA:36,roundNumber
FNDA:20,serializeFsrsState
FNDA:14,serializeRepetition
FNDA:196,(anonymous_3)
FNDA:6,serializeQueueMetadata
FNDA:84,(anonymous_5)
DA:3,4
DA:21,36
DA:22,36
DA:25,4
DA:26,20
DA:29,20
DA:30,18
DA:32,20
DA:33,18
DA:35,20
DA:36,16
DA:38,20
DA:39,2
DA:41,20
DA:42,18
DA:44,20
DA:45,1
DA:47,20
DA:48,4
DA:50,20
DA:53,4
DA:54,14
DA:62,14
DA:63,13
DA:65,1
DA:67,14
DA:68,196
DA:74,112
DA:77,14
DA:80,4
DA:83,6
DA:89,6
DA:90,84
DA:94,53
DA:97,6
LF:35
LH:35
BRDA:29,0,0,18
BRDA:32,1,0,18
BRDA:35,2,0,16
BRDA:38,3,0,2
BRDA:41,4,0,18
BRDA:44,5,0,1
BRDA:47,6,0,4
BRDA:48,7,0,4
BRDA:48,7,1,0
BRDA:56,8,0,14
BRDA:56,8,1,0
BRDA:59,9,0,1
BRDA:59,9,1,13
BRDA:60,10,0,14
BRDA:60,10,1,13
BRDA:60,11,0,13
BRDA:60,11,1,1
BRDA:60,12,0,14
BRDA:60,12,1,14
BRDA:62,13,0,13
BRDA:62,13,1,1
BRDA:68,14,0,112
BRDA:68,15,0,196
BRDA:68,15,1,182
BRDA:68,15,2,168
BRDA:68,15,3,154
BRDA:68,15,4,140
BRDA:68,15,5,126
BRDA:90,16,0,53
BRDA:90,17,0,84
BRDA:90,17,1,71
BRDA:90,17,2,65
BRDA:90,17,3,59
BRF:33
BRH:31
end_of_record
TN:
SF:src/repeat/undoStack.ts
FN:19,buildUndoEntry
FN:42,(anonymous_1)
FN:44,(anonymous_2)
FN:51,(anonymous_3)
FN:55,(anonymous_4)
FN:59,(anonymous_5)
FN:63,(anonymous_6)
FN:67,(anonymous_7)
FNF:8
FNH:8
FNDA:9,buildUndoEntry
FNDA:5,(anonymous_1)
FNDA:8,(anonymous_2)
FNDA:7,(anonymous_3)
FNDA:1,(anonymous_4)
FNDA:4,(anonymous_5)
FNDA:1,(anonymous_6)
FNDA:3,(anonymous_7)
DA:5,1
DA:6,1
DA:19,1
DA:27,9
DA:39,1
DA:40,5
DA:42,5
DA:45,8
DA:46,8
DA:47,1
DA:52,7
DA:56,1
DA:60,4
DA:64,1
DA:68,3
LF:15
LH:15
BRDA:42,0,0,4
BRDA:46,1,0,1
BRF:2
BRH:2
end_of_record
TN:
SF:src/repeat/utils.ts
FN:3,diffSymmetrically
FN:20,summarizeDueAt
FN:31,(anonymous_2)
FN:64,(anonymous_3)
FN:72,(anonymous_4)
FN:88,summarizeDueAtWithPrefix
FNF:6
FNH:6
FNDA:25,diffSymmetrically
FNDA:26,summarizeDueAt
FNDA:150,(anonymous_2)
FNDA:29,(anonymous_3)
FNDA:29,(anonymous_4)
FNDA:2,summarizeDueAtWithPrefix
DA:1,3
DA:8,25
DA:9,24
DA:11,1
DA:20,3
DA:24,26
DA:25,1
DA:28,25
DA:29,25
DA:31,25
DA:32,150
DA:33,25
DA:36,25
DA:37,1
DA:41,24
DA:42,1
DA:44,24
DA:45,0
DA:47,24
DA:48,7
DA:49,2
DA:51,5
DA:54,24
DA:55,3
DA:56,2
DA:58,1
DA:61,24
DA:62,13
DA:64,24
DA:65,29
DA:66,29
DA:67,29
DA:72,29
DA:73,24
DA:74,3
DA:76,21
DA:77,0
DA:79,21
DA:88,3
DA:92,2
DA:93,2
DA:94,1
DA:96,1
LF:43
LH:41
BRDA:8,0,0,24
BRDA:22,1,0,0
BRDA:24,2,0,1
BRDA:32,3,0,25
BRDA:32,4,0,150
BRDA:32,4,1,105
BRDA:36,5,0,1
BRDA:36,6,0,25
BRDA:36,6,1,25
BRDA:41,7,0,1
BRDA:44,8,0,0
BRDA:47,9,0,7
BRDA:48,10,0,2
BRDA:48,10,1,5
BRDA:54,11,0,3
BRDA:55,12,0,2
BRDA:55,12,1,1
BRDA:61,13,0,13
BRDA:64,14,0,24
BRDA:64,14,1,0
BRDA:66,15,0,6
BRDA:66,15,1,23
BRDA:73,16,0,3
BRDA:76,17,0,0
BRDA:90,18,0,0
BRDA:93,19,0,1
BRF:26
BRH:21
end_of_record
TN:
SF:src/repeat/heatmap/stats.ts
FN:16,sortedDayKeys
FN:20,computeStatsFromLog
FN:105,computeStatsFromCounts
FN:167,computeDynamicLegendFromCounts
FN:170,(anonymous_4)
FN:173,getDailyAverageFromCounts
FNF:6
FNH:6
FNDA:7,sortedDayKeys
FNDA:4,computeStatsFromLog
FNDA:3,computeStatsFromCounts
FNDA:2,computeDynamicLegendFromCounts
FNDA:12,(anonymous_4)
FNDA:2,getDailyAverageFromCounts
DA:1,2
DA:3,2
DA:17,7
DA:20,2
DA:25,4
DA:26,4
DA:27,4
DA:29,4
DA:30,4
DA:31,2
DA:34,4
DA:36,4
DA:37,4
DA:39,4
DA:40,4
DA:41,2
DA:42,2
DA:43,2
DA:44,2
DA:45,2
DA:49,4
DA:50,4
DA:52,4
DA:54,4
DA:55,2
DA:56,2
DA:58,2
DA:59,2
DA:60,2
DA:61,0
DA:62,0
DA:63,0
DA:65,0
DA:66,0
DA:69,2
DA:71,2
DA:73,2
DA:75,2
DA:76,2
DA:77,2
DA:78,2
DA:81,2
DA:83,2
DA:84,2
DA:85,2
DA:86,2
DA:87,2
DA:88,2
DA:93,4
DA:105,2
DA:109,3
DA:110,3
DA:112,3
DA:113,3
DA:114,11
DA:117,3
DA:118,3
DA:119,3
DA:121,3
DA:122,3
DA:123,3
DA:124,3
DA:125,3
DA:126,3
DA:127,3
DA:131,3
DA:132,3
DA:133,3
DA:135,3
DA:136,3
DA:137,3
DA:138,3
DA:139,11
DA:140,11
DA:141,8
DA:142,8
DA:144,3
DA:146,11
DA:147,11
DA:150,3
DA:151,3
DA:152,3
DA:153,3
DA:154,3
DA:155,2
DA:156,2
DA:157,2
DA:158,5
DA:159,5
DA:164,3
DA:167,2
DA:168,2
DA:169,2
DA:170,12
DA:174,2
DA:175,3
DA:176,2
DA:177,2
LF:98
LH:93
BRDA:31,0,0,2
BRDA:31,0,1,0
BRDA:31,1,0,2
BRDA:31,1,1,2
BRDA:34,2,0,2
BRDA:34,2,1,2
BRDA:36,3,0,2
BRDA:36,3,1,2
BRDA:36,4,0,4
BRDA:36,4,1,4
BRDA:37,5,0,2
BRDA:37,5,1,2
BRDA:37,6,0,4
BRDA:37,6,1,4
BRDA:40,7,0,2
BRDA:44,8,0,2
BRDA:54,9,0,2
BRDA:60,10,0,0
BRDA:60,10,1,2
BRDA:62,11,0,0
BRDA:62,11,1,0
BRDA:81,12,0,2
BRDA:81,12,1,0
BRDA:83,13,0,2
BRDA:85,14,0,2
BRDA:85,14,1,0
BRDA:114,15,0,11
BRDA:114,15,1,0
BRDA:114,16,0,11
BRDA:114,16,1,11
BRDA:117,17,0,3
BRDA:117,17,1,0
BRDA:118,18,0,3
BRDA:118,18,1,0
BRDA:118,19,0,3
BRDA:118,19,1,3
BRDA:119,20,0,3
BRDA:119,20,1,0
BRDA:119,21,0,3
BRDA:119,21,1,3
BRDA:122,22,0,3
BRDA:126,23,0,3
BRDA:135,24,0,3
BRDA:140,25,0,8
BRDA:140,25,1,3
BRDA:142,26,0,6
BRDA:142,26,1,2
BRDA:154,27,0,2
BRDA:154,28,0,3
BRDA:154,28,1,2
BRDA:156,29,0,1
BRDA:156,29,1,1
BRDA:176,30,0,2
BRDA:176,30,1,0
BRF:54
BRH:43
end_of_record
TN:
SF:src/repeat/stats/aggregate.ts
FN:21,aggregateToday
FN:23,(anonymous_1)
FN:26,(anonymous_2)
FN:27,(anonymous_3)
FN:30,(anonymous_4)
FN:31,(anonymous_5)
FN:38,(anonymous_6)
FN:39,(anonymous_7)
FN:40,(anonymous_8)
FN:59,aggregateCardCounts
FN:87,aggregateFutureDue
FNF:11
FNH:10
FNDA:2,aggregateToday
FNDA:1,(anonymous_1)
FNDA:1,(anonymous_2)
FNDA:1,(anonymous_3)
FNDA:1,(anonymous_4)
FNDA:0,(anonymous_5)
FNDA:1,(anonymous_6)
FNDA:1,(anonymous_7)
FNDA:1,(anonymous_8)
FNDA:2,aggregateCardCounts
FNDA:2,aggregateFutureDue
DA:1,1
DA:3,1
DA:4,1
DA:21,1
DA:22,2
DA:23,2
DA:25,2
DA:26,2
DA:27,2
DA:28,2
DA:30,2
DA:31,2
DA:32,2
DA:36,2
DA:38,1
DA:39,1
DA:40,1
DA:59,1
DA:60,2
DA:64,2
DA:65,3
DA:66,3
DA:67,3
DA:68,2
DA:69,2
DA:70,2
DA:71,2
DA:72,1
DA:75,2
DA:87,1
DA:88,2
DA:89,2
DA:90,2
DA:92,2
DA:93,3
DA:94,2
DA:95,2
DA:96,2
DA:97,2
DA:100,2
DA:101,2
DA:103,2
LF:42
LH:42
BRDA:26,0,0,0
BRDA:26,0,1,1
BRDA:26,1,0,1
BRDA:26,1,1,1
BRDA:28,2,0,1
BRDA:28,2,1,1
BRDA:32,3,0,0
BRDA:32,3,1,2
BRDA:65,4,0,0
BRDA:65,4,1,3
BRDA:66,5,0,0
BRDA:66,5,1,3
BRDA:67,6,0,1
BRDA:67,6,1,2
BRDA:68,7,0,0
BRDA:68,7,1,2
BRDA:69,8,0,0
BRDA:69,8,1,2
BRDA:70,9,0,2
BRDA:71,10,0,1
BRDA:71,10,1,1
BRDA:93,11,0,1
BRDA:93,12,0,3
BRDA:93,12,1,2
BRDA:95,13,0,0
BRDA:95,14,0,2
BRDA:95,14,1,2
BRDA:96,15,0,1
BRDA:96,15,1,1
BRDA:96,16,0,2
BRDA:96,16,1,2
BRDA:103,17,0,1
BRDA:103,17,1,1
BRDA:103,18,0,2
BRDA:103,18,1,2
BRF:35
BRH:28
end_of_record
TN:
SF:src/repeat/stats/periods.ts
FN:4,periodCutoffMs
FNF:1
FNH:1
FNDA:2,periodCutoffMs
DA:1,1
DA:2,1
DA:4,1
DA:9,2
DA:10,2
LF:5
LH:5
BRDA:7,0,0,2
BRF:1
BRH:1
end_of_record
